#-----------------------------------------------------------
# Vivado v2015.2 (64-bit)
# SW Build 1266856 on Fri Jun 26 16:35:25 MDT 2015
# IP Build 1264090 on Wed Jun 24 14:22:01 MDT 2015
# Start of session at: Sat Jun 01 01:09:31 2019
# Process ID: 8900
# Log file: C:/Users/xiefe/Desktop/Multi_car/vivado.log
# Journal file: C:/Users/xiefe/Desktop/Multi_car\vivado.jou
#-----------------------------------------------------------
start_gui
open_project C:/Users/xiefe/Desktop/Multi_car/Multi_car.xpr
Scanning sources...
Finished scanning sources
INFO: [IP_Flow 19-234] Refreshing IP repositories
INFO: [IP_Flow 19-1700] Loaded user IP repository 'c:/Users/bjut/Desktop/Sensor-ip'.
INFO: [IP_Flow 19-1700] Loaded user IP repository 'c:/Users/bjut/Desktop/pwmcar/ip_repo/pwm_car'.
INFO: [IP_Flow 19-1700] Loaded user IP repository 'c:/Users/bjut/Desktop/pwmcar/ultrasonic_ip'.
INFO: [IP_Flow 19-2313] Loaded Vivado IP repository 'C:/Xilinx/Vivado/2015.2/data/ip'.
open_project: Time (s): cpu = 00:00:21 ; elapsed = 00:00:13 . Memory (MB): peak = 716.156 ; gain = 172.891
open_run synth_1 -name synth_1
Design is defaulting to impl run constrset: constrs_1
Design is defaulting to synth run part: xc7z020clg400-1
INFO: [Netlist 29-17] Analyzing 117 Unisim elements for replacement
INFO: [Netlist 29-28] Unisim Transformation completed in 1 CPU seconds
INFO: [Project 1-479] Netlist was created with Vivado 2015.2
INFO: [Device 21-403] Loading part xc7z020clg400-1
INFO: [Project 1-570] Preparing netlist for logic optimization
Parsing XDC File [c:/Users/xiefe/Desktop/Multi_car/Multi_car.srcs/sources_1/bd/design_1/ip/design_1_processing_system7_0_0/design_1_processing_system7_0_0.xdc] for cell 'design_1_i/processing_system7_0/inst'
Finished Parsing XDC File [c:/Users/xiefe/Desktop/Multi_car/Multi_car.srcs/sources_1/bd/design_1/ip/design_1_processing_system7_0_0/design_1_processing_system7_0_0.xdc] for cell 'design_1_i/processing_system7_0/inst'
Parsing XDC File [c:/Users/xiefe/Desktop/Multi_car/Multi_car.srcs/sources_1/bd/design_1/ip/design_1_axi_uartlite_0_0/design_1_axi_uartlite_0_0_board.xdc] for cell 'design_1_i/axi_uartlite_0/U0'
Finished Parsing XDC File [c:/Users/xiefe/Desktop/Multi_car/Multi_car.srcs/sources_1/bd/design_1/ip/design_1_axi_uartlite_0_0/design_1_axi_uartlite_0_0_board.xdc] for cell 'design_1_i/axi_uartlite_0/U0'
Parsing XDC File [c:/Users/xiefe/Desktop/Multi_car/Multi_car.srcs/sources_1/bd/design_1/ip/design_1_axi_uartlite_0_0/design_1_axi_uartlite_0_0.xdc] for cell 'design_1_i/axi_uartlite_0/U0'
Finished Parsing XDC File [c:/Users/xiefe/Desktop/Multi_car/Multi_car.srcs/sources_1/bd/design_1/ip/design_1_axi_uartlite_0_0/design_1_axi_uartlite_0_0.xdc] for cell 'design_1_i/axi_uartlite_0/U0'
Parsing XDC File [c:/Users/xiefe/Desktop/Multi_car/Multi_car.srcs/sources_1/bd/design_1/ip/design_1_rst_processing_system7_0_100M_0/design_1_rst_processing_system7_0_100M_0_board.xdc] for cell 'design_1_i/rst_processing_system7_0_100M'
Finished Parsing XDC File [c:/Users/xiefe/Desktop/Multi_car/Multi_car.srcs/sources_1/bd/design_1/ip/design_1_rst_processing_system7_0_100M_0/design_1_rst_processing_system7_0_100M_0_board.xdc] for cell 'design_1_i/rst_processing_system7_0_100M'
Parsing XDC File [c:/Users/xiefe/Desktop/Multi_car/Multi_car.srcs/sources_1/bd/design_1/ip/design_1_rst_processing_system7_0_100M_0/design_1_rst_processing_system7_0_100M_0.xdc] for cell 'design_1_i/rst_processing_system7_0_100M'
Finished Parsing XDC File [c:/Users/xiefe/Desktop/Multi_car/Multi_car.srcs/sources_1/bd/design_1/ip/design_1_rst_processing_system7_0_100M_0/design_1_rst_processing_system7_0_100M_0.xdc] for cell 'design_1_i/rst_processing_system7_0_100M'
INFO: [Opt 31-138] Pushed 0 inverter(s) to 0 load pin(s).
INFO: [Project 1-111] Unisim Transformation Summary:
No Unisim elements were transformed.

open_run: Time (s): cpu = 00:00:26 ; elapsed = 00:00:20 . Memory (MB): peak = 1063.676 ; gain = 347.520
exit
INFO: [Common 17-206] Exiting Vivado at Sat Jun 01 01:12:01 2019...
