#-----------------------------------------------------------
# Vivado v2015.2 (64-bit)
# SW Build 1266856 on Fri Jun 26 16:35:25 MDT 2015
# IP Build 1264090 on Wed Jun 24 14:22:01 MDT 2015
# Start of session at: Mon Jun 03 09:27:09 2019
# Process ID: 5520
# Log file: C:/Users/xiefe/Desktop/Multi_car/vivado.log
# Journal file: C:/Users/xiefe/Desktop/Multi_car\vivado.jou
#-----------------------------------------------------------
start_gui
open_project C:/Users/xiefe/Desktop/Multi_car/Multi_car.xpr
Scanning sources...
Finished scanning sources
INFO: [IP_Flow 19-234] Refreshing IP repositories
INFO: [IP_Flow 19-1700] Loaded user IP repository 'c:/Users/bjut/Desktop/Sensor-ip'.
INFO: [IP_Flow 19-1700] Loaded user IP repository 'c:/Users/bjut/Desktop/pwmcar/ip_repo/pwm_car'.
INFO: [IP_Flow 19-1700] Loaded user IP repository 'c:/Users/bjut/Desktop/pwmcar/ultrasonic_ip'.
INFO: [IP_Flow 19-2313] Loaded Vivado IP repository 'C:/Xilinx/Vivado/2015.2/data/ip'.
open_project: Time (s): cpu = 00:00:21 ; elapsed = 00:00:15 . Memory (MB): peak = 685.598 ; gain = 147.926
open_bd_design {C:/Users/xiefe/Desktop/Multi_car/Multi_car.srcs/sources_1/bd/design_1/design_1.bd}
Adding component instance block -- xilinx.com:ip:processing_system7:5.5 - processing_system7_0
Adding component instance block -- xilinx.com:ip:axi_uartlite:2.0 - axi_uartlite_0
Adding component instance block -- xilinx.com:user:pwm_car_v1_0:1.0 - pwm_car_v1_0_0
Adding component instance block -- xilinx.com:user:ultrasonic_v1_0:1.0 - ultrasonic_v1_0_0
Adding component instance block -- xilinx.com:user:Sensor_v1_0:1.0 - Sensor_v1_0_0
Adding component instance block -- xilinx.com:ip:proc_sys_reset:5.0 - rst_processing_system7_0_100M
Adding component instance block -- xilinx.com:ip:axi_crossbar:2.1 - xbar
Adding component instance block -- xilinx.com:ip:axi_protocol_converter:2.1 - auto_pc
Successfully read diagram <design_1> from BD file <C:/Users/xiefe/Desktop/Multi_car/Multi_car.srcs/sources_1/bd/design_1/design_1.bd>
open_bd_design: Time (s): cpu = 00:00:12 ; elapsed = 00:00:09 . Memory (MB): peak = 793.148 ; gain = 76.180
exit
INFO: [Common 17-206] Exiting Vivado at Mon Jun 03 11:13:48 2019...
