#-----------------------------------------------------------
# Vivado v2015.2 (64-bit)
# SW Build 1266856 on Fri Jun 26 16:35:25 MDT 2015
# IP Build 1264090 on Wed Jun 24 14:22:01 MDT 2015
# Start of session at: Thu May 30 17:19:50 2019
# Process ID: 14268
# Log file: C:/Users/asus/Desktop/2016级硬件综合课设（第四组）/1、Vivado工程/ip/Sensor/vivado.log
# Journal file: C:/Users/asus/Desktop/2016级硬件综合课设（第四组）/1、Vivado工程/ip/Sensor\vivado.jou
#-----------------------------------------------------------
start_gui
open_project C:/Users/asus/Desktop/2016级硬件综合课设（第四组）/1、Vivado工程/ip/Sensor/tmp_edit_project.xpr
INFO: [Project 1-313] Project file moved from 'c:/users/asus/desktop/si/ip/sensor' since last save.
Scanning sources...
Finished scanning sources
INFO: [filemgmt 56-1] IP Repository Path: Directory not found as 'C:/Users/Users/asus/Desktop/si/ip_repo/Sensor/Sensor_1.0'; using path 'c:/Users/asus/Desktop/si/ip_repo/Sensor/Sensor_1.0' instead.
INFO: [IP_Flow 19-234] Refreshing IP repositories
INFO: [IP_Flow 19-1700] Loaded user IP repository 'c:/Users/asus/Desktop/si/ip_repo/Sensor/Sensor_1.0'.
INFO: [IP_Flow 19-2313] Loaded Vivado IP repository 'D:/Xilinx/Vivado/2015.2/data/ip'.
open_project: Time (s): cpu = 00:00:11 ; elapsed = 00:00:05 . Memory (MB): peak = 736.629 ; gain = 153.137
exit
INFO: [Common 17-206] Exiting Vivado at Thu May 30 17:26:07 2019...
