#-----------------------------------------------------------
# Webtalk v2015.2 (64-bit)
# SW Build 1266856 on Fri Jun 26 16:35:25 MDT 2015
# 
# Start of session at: Mon Jun 03 22:33:28 2019
# Process ID: 16148
# Log file: C:/Users/xiefe/Desktop/Multi_car/Multi_car.sdk/webtalk/webtalk.log
# Journal file: C:/Users/xiefe/Desktop/Multi_car/Multi_car.sdk/webtalk\webtalk.jou
#-----------------------------------------------------------
source sdk_webtalk.tcl
# webtalk_init -webtalk_dir C:\\Users\\xiefe\\Desktop\\Multi_car\\Multi_car.sdk\\webtalk
# webtalk_register_client -client project
# webtalk_add_data -client project -key date_generated -value "ÐÇÆÚÒ» ÁùÔÂ 3 22:33:27 2019" -context "software_version_and_target_device"
# webtalk_add_data -client project -key product_version -value "SDK v2015.2" -context "software_version_and_target_device"
# webtalk_add_data -client project -key build_version -value "2015.2" -context "software_version_and_target_device"
# webtalk_add_data -client project -key os_platform -value "amd64" -context "software_version_and_target_device"
# webtalk_add_data -client project -key registration_id -value "" -context "software_version_and_target_device"
# webtalk_add_data -client project -key tool_flow -value "SDK" -context "software_version_and_target_device"
# webtalk_add_data -client project -key beta -value "false" -context "software_version_and_target_device"
# webtalk_add_data -client project -key route_design -value "NA" -context "software_version_and_target_device"
# webtalk_add_data -client project -key target_family -value "NA" -context "software_version_and_target_device"
# webtalk_add_data -client project -key target_device -value "NA" -context "software_version_and_target_device"
# webtalk_add_data -client project -key target_package -value "NA" -context "software_version_and_target_device"
# webtalk_add_data -client project -key target_speed -value "NA" -context "software_version_and_target_device"
# webtalk_add_data -client project -key random_id -value "fv2p9hdqb8sr51voot4r806bvt" -context "software_version_and_target_device"
# webtalk_add_data -client project -key project_id -value "2015.2_5" -context "software_version_and_target_device"
# webtalk_add_data -client project -key project_iteration -value "5" -context "software_version_and_target_device"
# webtalk_add_data -client project -key os_name -value "" -context "user_environment"
# webtalk_add_data -client project -key os_release -value "" -context "user_environment"
# webtalk_add_data -client project -key cpu_name -value "" -context "user_environment"
# webtalk_add_data -client project -key cpu_speed -value "" -context "user_environment"
# webtalk_add_data -client project -key total_processors -value "" -context "user_environment"
# webtalk_add_data -client project -key system_ram -value "" -context "user_environment"
# webtalk_register_client -client sdk
# webtalk_add_data -client sdk -key uid -value "1559570329995" -context "sdk\\\\bsp/1559570329995"
# webtalk_add_data -client sdk -key hwid -value "1559354914756" -context "sdk\\\\bsp/1559570329995"
# webtalk_add_data -client sdk -key os -value "standalone" -context "sdk\\\\bsp/1559570329995"
# webtalk_add_data -client sdk -key apptemplate -value "zynq_fsbl" -context "sdk\\\\bsp/1559570329995"
# webtalk_add_data -client sdk -key uid -value "1559570347531" -context "sdk\\\\application/1559570347531"
# webtalk_add_data -client sdk -key hwid -value "1559354914756" -context "sdk\\\\application/1559570347531"
# webtalk_add_data -client sdk -key bspid -value "1559570329995" -context "sdk\\\\application/1559570347531"
# webtalk_add_data -client sdk -key newbsp -value "true" -context "sdk\\\\application/1559570347531"
# webtalk_add_data -client sdk -key os -value "standalone" -context "sdk\\\\application/1559570347531"
# webtalk_add_data -client sdk -key apptemplate -value "zynq_fsbl" -context "sdk\\\\application/1559570347531"
# webtalk_add_data -client sdk -key uid -value "1559570767868" -context "sdk\\\\bsp/1559570767868"
# webtalk_add_data -client sdk -key hwid -value "1559354914756" -context "sdk\\\\bsp/1559570767868"
# webtalk_add_data -client sdk -key os -value "standalone" -context "sdk\\\\bsp/1559570767868"
# webtalk_add_data -client sdk -key apptemplate -value "zynq_fsbl" -context "sdk\\\\bsp/1559570767868"
# webtalk_add_data -client sdk -key uid -value "1559570781915" -context "sdk\\\\application/1559570781915"
# webtalk_add_data -client sdk -key hwid -value "1559354914756" -context "sdk\\\\application/1559570781915"
# webtalk_add_data -client sdk -key bspid -value "1559570767868" -context "sdk\\\\application/1559570781915"
# webtalk_add_data -client sdk -key newbsp -value "true" -context "sdk\\\\application/1559570781915"
# webtalk_add_data -client sdk -key os -value "standalone" -context "sdk\\\\application/1559570781915"
# webtalk_add_data -client sdk -key apptemplate -value "zynq_fsbl" -context "sdk\\\\application/1559570781915"
# webtalk_add_data -client sdk -key uid -value "1559571313915" -context "sdk\\\\bsp/1559571313915"
# webtalk_add_data -client sdk -key hwid -value "1559354914756" -context "sdk\\\\bsp/1559571313915"
# webtalk_add_data -client sdk -key os -value "standalone" -context "sdk\\\\bsp/1559571313915"
# webtalk_add_data -client sdk -key apptemplate -value "zynq_fsbl" -context "sdk\\\\bsp/1559571313915"
# webtalk_add_data -client sdk -key uid -value "1559571328265" -context "sdk\\\\application/1559571328265"
# webtalk_add_data -client sdk -key hwid -value "1559354914756" -context "sdk\\\\application/1559571328265"
# webtalk_add_data -client sdk -key bspid -value "1559571313915" -context "sdk\\\\application/1559571328265"
# webtalk_add_data -client sdk -key newbsp -value "true" -context "sdk\\\\application/1559571328265"
# webtalk_add_data -client sdk -key os -value "standalone" -context "sdk\\\\application/1559571328265"
# webtalk_add_data -client sdk -key apptemplate -value "zynq_fsbl" -context "sdk\\\\application/1559571328265"
# webtalk_add_data -client sdk -key uid -value "1559571942112" -context "sdk\\\\bsp/1559571942112"
# webtalk_add_data -client sdk -key hwid -value "1559354914756" -context "sdk\\\\bsp/1559571942112"
# webtalk_add_data -client sdk -key os -value "standalone" -context "sdk\\\\bsp/1559571942112"
# webtalk_add_data -client sdk -key apptemplate -value "zynq_fsbl" -context "sdk\\\\bsp/1559571942112"
# webtalk_add_data -client sdk -key uid -value "1559571957264" -context "sdk\\\\application/1559571957264"
# webtalk_add_data -client sdk -key hwid -value "1559354914756" -context "sdk\\\\application/1559571957264"
# webtalk_add_data -client sdk -key bspid -value "1559571942112" -context "sdk\\\\application/1559571957264"
# webtalk_add_data -client sdk -key newbsp -value "true" -context "sdk\\\\application/1559571957264"
# webtalk_add_data -client sdk -key os -value "standalone" -context "sdk\\\\application/1559571957264"
# webtalk_add_data -client sdk -key apptemplate -value "zynq_fsbl" -context "sdk\\\\application/1559571957264"
# webtalk_transmit -clientid 1694754687 -regid "" -xml C:\\Users\\xiefe\\Desktop\\Multi_car\\Multi_car.sdk\\webtalk\\usage_statistics_ext_sdk.xml -html C:\\Users\\xiefe\\Desktop\\Multi_car\\Multi_car.sdk\\webtalk\\usage_statistics_ext_sdk.html -wdm C:\\Users\\xiefe\\Desktop\\Multi_car\\Multi_car.sdk\\webtalk\\sdk_webtalk.wdm -intro "<H3>SDK Usage Report</H3><BR>"

    while executing
"webtalk_transmit -clientid 1694754687 -regid "" -xml C:\\Users\\xiefe\\Desktop\\Multi_car\\Multi_car.sdk\\webtalk\\usage_statistics_ext_sdk.xml -html ..."
    (file "sdk_webtalk.tcl" line 65)
INFO: [Common 17-206] Exiting Webtalk at Mon Jun 03 22:33:37 2019...
