#-----------------------------------------------------------
# Webtalk v2015.2 (64-bit)
# SW Build 1266856 on Fri Jun 26 16:35:25 MDT 2015
# 
# Start of session at: Sat Jun 01 15:45:17 2019
# Process ID: 8728
# Log file: C:/Users/xiefe/Desktop/Multi_car/Multi_car.sdk/webtalk/webtalk.log
# Journal file: C:/Users/xiefe/Desktop/Multi_car/Multi_car.sdk/webtalk\webtalk.jou
#-----------------------------------------------------------
source sdk_webtalk.tcl
# webtalk_init -webtalk_dir C:\\Users\\xiefe\\Desktop\\Multi_car\\Multi_car.sdk\\webtalk
# webtalk_register_client -client project
# webtalk_add_data -client project -key date_generated -value "ÐÇÆÚÁù ÁùÔÂ 1 15:45:15 2019" -context "software_version_and_target_device"
# webtalk_add_data -client project -key product_version -value "SDK v2015.2" -context "software_version_and_target_device"
# webtalk_add_data -client project -key build_version -value "2015.2" -context "software_version_and_target_device"
# webtalk_add_data -client project -key os_platform -value "amd64" -context "software_version_and_target_device"
# webtalk_add_data -client project -key registration_id -value "" -context "software_version_and_target_device"
# webtalk_add_data -client project -key tool_flow -value "SDK" -context "software_version_and_target_device"
# webtalk_add_data -client project -key beta -value "false" -context "software_version_and_target_device"
# webtalk_add_data -client project -key route_design -value "NA" -context "software_version_and_target_device"
# webtalk_add_data -client project -key target_family -value "NA" -context "software_version_and_target_device"
# webtalk_add_data -client project -key target_device -value "NA" -context "software_version_and_target_device"
# webtalk_add_data -client project -key target_package -value "NA" -context "software_version_and_target_device"
# webtalk_add_data -client project -key target_speed -value "NA" -context "software_version_and_target_device"
# webtalk_add_data -client project -key random_id -value "t4523sebjcn5sub68if1slanki" -context "software_version_and_target_device"
# webtalk_add_data -client project -key project_id -value "2015.2_1" -context "software_version_and_target_device"
# webtalk_add_data -client project -key project_iteration -value "1" -context "software_version_and_target_device"
# webtalk_add_data -client project -key os_name -value "" -context "user_environment"
# webtalk_add_data -client project -key os_release -value "" -context "user_environment"
# webtalk_add_data -client project -key cpu_name -value "" -context "user_environment"
# webtalk_add_data -client project -key cpu_speed -value "" -context "user_environment"
# webtalk_add_data -client project -key total_processors -value "" -context "user_environment"
# webtalk_add_data -client project -key system_ram -value "" -context "user_environment"
# webtalk_register_client -client sdk
# webtalk_add_data -client sdk -key uid -value "1559354914756" -context "sdk\\\\hardware/1559354914756"
# webtalk_add_data -client sdk -key isZynq -value "true" -context "sdk\\\\hardware/1559354914756"
# webtalk_add_data -client sdk -key Processors -value "2" -context "sdk\\\\hardware/1559354914756"
# webtalk_add_data -client sdk -key VivadoVersion -value "2015.2" -context "sdk\\\\hardware/1559354914756"
# webtalk_add_data -client sdk -key Arch -value "zynq" -context "sdk\\\\hardware/1559354914756"
# webtalk_add_data -client sdk -key Device -value "7z020" -context "sdk\\\\hardware/1559354914756"
# webtalk_add_data -client sdk -key IsHandoff -value "true" -context "sdk\\\\hardware/1559354914756"
# webtalk_add_data -client sdk -key uid -value "1559355059038" -context "sdk\\\\bsp/1559355059038"
# webtalk_add_data -client sdk -key hwid -value "1559354914756" -context "sdk\\\\bsp/1559355059038"
# webtalk_add_data -client sdk -key os -value "standalone" -context "sdk\\\\bsp/1559355059038"
# webtalk_add_data -client sdk -key apptemplate -value "hello_world" -context "sdk\\\\bsp/1559355059038"
# webtalk_add_data -client sdk -key uid -value "1559355066402" -context "sdk\\\\application/1559355066402"
# webtalk_add_data -client sdk -key hwid -value "1559354914756" -context "sdk\\\\application/1559355066402"
# webtalk_add_data -client sdk -key bspid -value "1559355059038" -context "sdk\\\\application/1559355066402"
# webtalk_add_data -client sdk -key newbsp -value "true" -context "sdk\\\\application/1559355066402"
# webtalk_add_data -client sdk -key os -value "standalone" -context "sdk\\\\application/1559355066402"
# webtalk_add_data -client sdk -key apptemplate -value "hello_world" -context "sdk\\\\application/1559355066402"
# webtalk_add_data -client sdk -key uid -value "1559359006078" -context "sdk\\\\bsp/1559359006078"
# webtalk_add_data -client sdk -key hwid -value "1559354914756" -context "sdk\\\\bsp/1559359006078"
# webtalk_add_data -client sdk -key os -value "standalone" -context "sdk\\\\bsp/1559359006078"
# webtalk_add_data -client sdk -key apptemplate -value "zynq_fsbl" -context "sdk\\\\bsp/1559359006078"
# webtalk_add_data -client sdk -key uid -value "1559359034646" -context "sdk\\\\application/1559359034646"
# webtalk_add_data -client sdk -key hwid -value "1559354914756" -context "sdk\\\\application/1559359034646"
# webtalk_add_data -client sdk -key bspid -value "1559359006078" -context "sdk\\\\application/1559359034646"
# webtalk_add_data -client sdk -key newbsp -value "true" -context "sdk\\\\application/1559359034646"
# webtalk_add_data -client sdk -key os -value "standalone" -context "sdk\\\\application/1559359034646"
# webtalk_add_data -client sdk -key apptemplate -value "zynq_fsbl" -context "sdk\\\\application/1559359034646"
# webtalk_add_data -client sdk -key uid -value "1559359488551" -context "sdk\\\\bsp/1559359488551"
# webtalk_add_data -client sdk -key hwid -value "1559354914756" -context "sdk\\\\bsp/1559359488551"
# webtalk_add_data -client sdk -key os -value "standalone" -context "sdk\\\\bsp/1559359488551"
# webtalk_add_data -client sdk -key apptemplate -value "zynq_fsbl" -context "sdk\\\\bsp/1559359488551"
# webtalk_add_data -client sdk -key uid -value "1559359504788" -context "sdk\\\\application/1559359504788"
# webtalk_add_data -client sdk -key hwid -value "1559354914756" -context "sdk\\\\application/1559359504788"
# webtalk_add_data -client sdk -key bspid -value "1559359488551" -context "sdk\\\\application/1559359504788"
# webtalk_add_data -client sdk -key newbsp -value "true" -context "sdk\\\\application/1559359504788"
# webtalk_add_data -client sdk -key os -value "standalone" -context "sdk\\\\application/1559359504788"
# webtalk_add_data -client sdk -key apptemplate -value "zynq_fsbl" -context "sdk\\\\application/1559359504788"
# webtalk_add_data -client sdk -key uid -value "1559359695739" -context "sdk\\\\bsp/1559359695739"
# webtalk_add_data -client sdk -key hwid -value "1559354914756" -context "sdk\\\\bsp/1559359695739"
# webtalk_add_data -client sdk -key os -value "standalone" -context "sdk\\\\bsp/1559359695739"
# webtalk_add_data -client sdk -key apptemplate -value "zynq_fsbl" -context "sdk\\\\bsp/1559359695739"
# webtalk_add_data -client sdk -key uid -value "1559359710923" -context "sdk\\\\application/1559359710923"
# webtalk_add_data -client sdk -key hwid -value "1559354914756" -context "sdk\\\\application/1559359710923"
# webtalk_add_data -client sdk -key bspid -value "1559359695739" -context "sdk\\\\application/1559359710923"
# webtalk_add_data -client sdk -key newbsp -value "true" -context "sdk\\\\application/1559359710923"
# webtalk_add_data -client sdk -key os -value "standalone" -context "sdk\\\\application/1559359710923"
# webtalk_add_data -client sdk -key apptemplate -value "zynq_fsbl" -context "sdk\\\\application/1559359710923"
# webtalk_add_data -client sdk -key uid -value "1559362016855" -context "sdk\\\\bsp/1559362016855"
# webtalk_add_data -client sdk -key hwid -value "1559354914756" -context "sdk\\\\bsp/1559362016855"
# webtalk_add_data -client sdk -key os -value "standalone" -context "sdk\\\\bsp/1559362016855"
# webtalk_add_data -client sdk -key apptemplate -value "zynq_fsbl" -context "sdk\\\\bsp/1559362016855"
# webtalk_add_data -client sdk -key uid -value "1559362035430" -context "sdk\\\\application/1559362035430"
# webtalk_add_data -client sdk -key hwid -value "1559354914756" -context "sdk\\\\application/1559362035430"
# webtalk_add_data -client sdk -key bspid -value "1559362016855" -context "sdk\\\\application/1559362035430"
# webtalk_add_data -client sdk -key newbsp -value "true" -context "sdk\\\\application/1559362035430"
# webtalk_add_data -client sdk -key os -value "standalone" -context "sdk\\\\application/1559362035430"
# webtalk_add_data -client sdk -key apptemplate -value "zynq_fsbl" -context "sdk\\\\application/1559362035430"
# webtalk_add_data -client sdk -key uid -value "1559369809587" -context "sdk\\\\bsp/1559369809587"
# webtalk_add_data -client sdk -key hwid -value "1559354914756" -context "sdk\\\\bsp/1559369809587"
# webtalk_add_data -client sdk -key os -value "standalone" -context "sdk\\\\bsp/1559369809587"
# webtalk_add_data -client sdk -key apptemplate -value "zynq_fsbl" -context "sdk\\\\bsp/1559369809587"
# webtalk_add_data -client sdk -key uid -value "1559369827401" -context "sdk\\\\application/1559369827401"
# webtalk_add_data -client sdk -key hwid -value "1559354914756" -context "sdk\\\\application/1559369827401"
# webtalk_add_data -client sdk -key bspid -value "1559369809587" -context "sdk\\\\application/1559369827401"
# webtalk_add_data -client sdk -key newbsp -value "true" -context "sdk\\\\application/1559369827401"
# webtalk_add_data -client sdk -key os -value "standalone" -context "sdk\\\\application/1559369827401"
# webtalk_add_data -client sdk -key apptemplate -value "zynq_fsbl" -context "sdk\\\\application/1559369827401"
# webtalk_add_data -client sdk -key uid -value "1559371006753" -context "sdk\\\\bsp/1559371006753"
# webtalk_add_data -client sdk -key hwid -value "1559354914756" -context "sdk\\\\bsp/1559371006753"
# webtalk_add_data -client sdk -key os -value "standalone" -context "sdk\\\\bsp/1559371006753"
# webtalk_add_data -client sdk -key apptemplate -value "zynq_fsbl" -context "sdk\\\\bsp/1559371006753"
# webtalk_add_data -client sdk -key uid -value "1559371024405" -context "sdk\\\\application/1559371024405"
# webtalk_add_data -client sdk -key hwid -value "1559354914756" -context "sdk\\\\application/1559371024405"
# webtalk_add_data -client sdk -key bspid -value "1559371006753" -context "sdk\\\\application/1559371024405"
# webtalk_add_data -client sdk -key newbsp -value "true" -context "sdk\\\\application/1559371024405"
# webtalk_add_data -client sdk -key os -value "standalone" -context "sdk\\\\application/1559371024405"
# webtalk_add_data -client sdk -key apptemplate -value "zynq_fsbl" -context "sdk\\\\application/1559371024405"
# webtalk_add_data -client sdk -key uid -value "1559372744222" -context "sdk\\\\bsp/1559372744222"
# webtalk_add_data -client sdk -key hwid -value "1559354914756" -context "sdk\\\\bsp/1559372744222"
# webtalk_add_data -client sdk -key os -value "standalone" -context "sdk\\\\bsp/1559372744222"
# webtalk_add_data -client sdk -key apptemplate -value "zynq_fsbl" -context "sdk\\\\bsp/1559372744222"
# webtalk_add_data -client sdk -key uid -value "1559372765267" -context "sdk\\\\application/1559372765267"
# webtalk_add_data -client sdk -key hwid -value "1559354914756" -context "sdk\\\\application/1559372765267"
# webtalk_add_data -client sdk -key bspid -value "1559372744222" -context "sdk\\\\application/1559372765267"
# webtalk_add_data -client sdk -key newbsp -value "true" -context "sdk\\\\application/1559372765267"
# webtalk_add_data -client sdk -key os -value "standalone" -context "sdk\\\\application/1559372765267"
# webtalk_add_data -client sdk -key apptemplate -value "zynq_fsbl" -context "sdk\\\\application/1559372765267"
# webtalk_transmit -clientid 2473962124 -regid "" -xml C:\\Users\\xiefe\\Desktop\\Multi_car\\Multi_car.sdk\\webtalk\\usage_statistics_ext_sdk.xml -html C:\\Users\\xiefe\\Desktop\\Multi_car\\Multi_car.sdk\\webtalk\\usage_statistics_ext_sdk.html -wdm C:\\Users\\xiefe\\Desktop\\Multi_car\\Multi_car.sdk\\webtalk\\sdk_webtalk.wdm -intro "<H3>SDK Usage Report</H3><BR>"

    while executing
"webtalk_transmit -clientid 2473962124 -regid "" -xml C:\\Users\\xiefe\\Desktop\\Multi_car\\Multi_car.sdk\\webtalk\\usage_statistics_ext_sdk.xml -html ..."
    (file "sdk_webtalk.tcl" line 112)
INFO: [Common 17-206] Exiting Webtalk at Sat Jun 01 15:46:59 2019...
