#-----------------------------------------------------------
# Webtalk v2015.2 (64-bit)
# SW Build 1266856 on Fri Jun 26 16:35:25 MDT 2015
# 
# Start of session at: Tue Jun 04 18:11:09 2019
# Process ID: 8868
# Log file: C:/Users/xiefe/Desktop/Multi_car/Multi_car.sdk/webtalk/webtalk.log
# Journal file: C:/Users/xiefe/Desktop/Multi_car/Multi_car.sdk/webtalk\webtalk.jou
#-----------------------------------------------------------
source sdk_webtalk.tcl
# webtalk_init -webtalk_dir C:\\Users\\xiefe\\Desktop\\Multi_car\\Multi_car.sdk\\webtalk
# webtalk_register_client -client project
# webtalk_add_data -client project -key date_generated -value "ÐÇÆÚ¶þ ÁùÔÂ 4 18:11:08 2019" -context "software_version_and_target_device"
# webtalk_add_data -client project -key product_version -value "SDK v2015.2" -context "software_version_and_target_device"
# webtalk_add_data -client project -key build_version -value "2015.2" -context "software_version_and_target_device"
# webtalk_add_data -client project -key os_platform -value "amd64" -context "software_version_and_target_device"
# webtalk_add_data -client project -key registration_id -value "" -context "software_version_and_target_device"
# webtalk_add_data -client project -key tool_flow -value "SDK" -context "software_version_and_target_device"
# webtalk_add_data -client project -key beta -value "false" -context "software_version_and_target_device"
# webtalk_add_data -client project -key route_design -value "NA" -context "software_version_and_target_device"
# webtalk_add_data -client project -key target_family -value "NA" -context "software_version_and_target_device"
# webtalk_add_data -client project -key target_device -value "NA" -context "software_version_and_target_device"
# webtalk_add_data -client project -key target_package -value "NA" -context "software_version_and_target_device"
# webtalk_add_data -client project -key target_speed -value "NA" -context "software_version_and_target_device"
# webtalk_add_data -client project -key random_id -value "unuu67150hl54348t1n9jp82tv" -context "software_version_and_target_device"
# webtalk_add_data -client project -key project_id -value "2015.2_7" -context "software_version_and_target_device"
# webtalk_add_data -client project -key project_iteration -value "7" -context "software_version_and_target_device"
# webtalk_add_data -client project -key os_name -value "" -context "user_environment"
# webtalk_add_data -client project -key os_release -value "" -context "user_environment"
# webtalk_add_data -client project -key cpu_name -value "" -context "user_environment"
# webtalk_add_data -client project -key cpu_speed -value "" -context "user_environment"
# webtalk_add_data -client project -key total_processors -value "" -context "user_environment"
# webtalk_add_data -client project -key system_ram -value "" -context "user_environment"
# webtalk_register_client -client sdk
# webtalk_add_data -client sdk -key uid -value "1559642307663" -context "sdk\\\\bsp/1559642307663"
# webtalk_add_data -client sdk -key hwid -value "1559354914756" -context "sdk\\\\bsp/1559642307663"
# webtalk_add_data -client sdk -key os -value "standalone" -context "sdk\\\\bsp/1559642307663"
# webtalk_add_data -client sdk -key apptemplate -value "zynq_fsbl" -context "sdk\\\\bsp/1559642307663"
# webtalk_add_data -client sdk -key uid -value "1559642326721" -context "sdk\\\\application/1559642326721"
# webtalk_add_data -client sdk -key hwid -value "1559354914756" -context "sdk\\\\application/1559642326721"
# webtalk_add_data -client sdk -key bspid -value "1559642307663" -context "sdk\\\\application/1559642326721"
# webtalk_add_data -client sdk -key newbsp -value "true" -context "sdk\\\\application/1559642326721"
# webtalk_add_data -client sdk -key os -value "standalone" -context "sdk\\\\application/1559642326721"
# webtalk_add_data -client sdk -key apptemplate -value "zynq_fsbl" -context "sdk\\\\application/1559642326721"
# webtalk_transmit -clientid 1408978092 -regid "" -xml C:\\Users\\xiefe\\Desktop\\Multi_car\\Multi_car.sdk\\webtalk\\usage_statistics_ext_sdk.xml -html C:\\Users\\xiefe\\Desktop\\Multi_car\\Multi_car.sdk\\webtalk\\usage_statistics_ext_sdk.html -wdm C:\\Users\\xiefe\\Desktop\\Multi_car\\Multi_car.sdk\\webtalk\\sdk_webtalk.wdm -intro "<H3>SDK Usage Report</H3><BR>"
INFO: [Common 17-186] 'C:\Users\xiefe\Desktop\Multi_car\Multi_car.sdk\webtalk\usage_statistics_ext_sdk.xml' has been successfully sent to Xilinx on Tue Jun 04 18:11:25 2019. For additional details about this file, please refer to the WebTalk help file at C:/Xilinx/SDK/2015.2/doc/webtalk_introduction.html.
# webtalk_terminate
INFO: [Common 17-206] Exiting Webtalk at Tue Jun 04 18:11:25 2019...
