#-----------------------------------------------------------
# Webtalk v2015.2 (64-bit)
# SW Build 1266856 on Fri Jun 26 16:35:25 MDT 2015
# 
# Start of session at: Wed May 29 17:06:44 2019
# Process ID: 4428
# Log file: C:/Users/bjut/Desktop/ultrasonic/ultrasonic_ps/ultrasonic_ps.sdk/webtalk/webtalk.log
# Journal file: C:/Users/bjut/Desktop/ultrasonic/ultrasonic_ps/ultrasonic_ps.sdk/webtalk\webtalk.jou
#-----------------------------------------------------------
source sdk_webtalk.tcl
# webtalk_init -webtalk_dir C:\\Users\\bjut\\Desktop\\ultrasonic\\ultrasonic_ps\\ultrasonic_ps.sdk\\webtalk
# webtalk_register_client -client project
# webtalk_add_data -client project -key date_generated -value "星期三 五月 29 17:06:36 2019" -context "software_version_and_target_device"
# webtalk_add_data -client project -key product_version -value "SDK v2015.2" -context "software_version_and_target_device"
# webtalk_add_data -client project -key build_version -value "2015.2" -context "software_version_and_target_device"
# webtalk_add_data -client project -key os_platform -value "amd64" -context "software_version_and_target_device"
# webtalk_add_data -client project -key registration_id -value "" -context "software_version_and_target_device"
# webtalk_add_data -client project -key tool_flow -value "SDK" -context "software_version_and_target_device"
# webtalk_add_data -client project -key beta -value "false" -context "software_version_and_target_device"
# webtalk_add_data -client project -key route_design -value "NA" -context "software_version_and_target_device"
# webtalk_add_data -client project -key target_family -value "NA" -context "software_version_and_target_device"
# webtalk_add_data -client project -key target_device -value "NA" -context "software_version_and_target_device"
# webtalk_add_data -client project -key target_package -value "NA" -context "software_version_and_target_device"
# webtalk_add_data -client project -key target_speed -value "NA" -context "software_version_and_target_device"
# webtalk_add_data -client project -key random_id -value "q14mqbnjq0f7s6fprdnq3rrtar" -context "software_version_and_target_device"
# webtalk_add_data -client project -key project_id -value "2015.2_17" -context "software_version_and_target_device"
# webtalk_add_data -client project -key project_iteration -value "17" -context "software_version_and_target_device"
# webtalk_add_data -client project -key os_name -value "" -context "user_environment"
# webtalk_add_data -client project -key os_release -value "" -context "user_environment"
# webtalk_add_data -client project -key cpu_name -value "" -context "user_environment"
# webtalk_add_data -client project -key cpu_speed -value "" -context "user_environment"
# webtalk_add_data -client project -key total_processors -value "" -context "user_environment"
# webtalk_add_data -client project -key system_ram -value "" -context "user_environment"
# webtalk_register_client -client sdk
# webtalk_add_data -client sdk -key uid -value "1559115618173" -context "sdk\\\\hardware/1559115618173"
# webtalk_add_data -client sdk -key isZynq -value "true" -context "sdk\\\\hardware/1559115618173"
# webtalk_add_data -client sdk -key Processors -value "2" -context "sdk\\\\hardware/1559115618173"
# webtalk_add_data -client sdk -key VivadoVersion -value "2015.2" -context "sdk\\\\hardware/1559115618173"
# webtalk_add_data -client sdk -key Arch -value "zynq" -context "sdk\\\\hardware/1559115618173"
# webtalk_add_data -client sdk -key Device -value "7z020" -context "sdk\\\\hardware/1559115618173"
# webtalk_add_data -client sdk -key IsHandoff -value "true" -context "sdk\\\\hardware/1559115618173"
# webtalk_add_data -client sdk -key uid -value "1559115758036" -context "sdk\\\\bsp/1559115758036"
# webtalk_add_data -client sdk -key hwid -value "1559115618173" -context "sdk\\\\bsp/1559115758036"
# webtalk_add_data -client sdk -key os -value "standalone" -context "sdk\\\\bsp/1559115758036"
# webtalk_add_data -client sdk -key apptemplate -value "hello_world" -context "sdk\\\\bsp/1559115758036"
# webtalk_add_data -client sdk -key uid -value "1559115774915" -context "sdk\\\\application/1559115774915"
# webtalk_add_data -client sdk -key hwid -value "1559115618173" -context "sdk\\\\application/1559115774915"
# webtalk_add_data -client sdk -key bspid -value "1559115758036" -context "sdk\\\\application/1559115774915"
# webtalk_add_data -client sdk -key newbsp -value "true" -context "sdk\\\\application/1559115774915"
# webtalk_add_data -client sdk -key os -value "standalone" -context "sdk\\\\application/1559115774915"
# webtalk_add_data -client sdk -key apptemplate -value "hello_world" -context "sdk\\\\application/1559115774915"
# webtalk_add_data -client sdk -key uid -value "1559116764588" -context "sdk\\\\bsp/1559116764588"
# webtalk_add_data -client sdk -key hwid -value "1559115618173" -context "sdk\\\\bsp/1559116764588"
# webtalk_add_data -client sdk -key os -value "standalone" -context "sdk\\\\bsp/1559116764588"
# webtalk_add_data -client sdk -key apptemplate -value "zynq_fsbl" -context "sdk\\\\bsp/1559116764588"
# webtalk_add_data -client sdk -key uid -value "1559116789299" -context "sdk\\\\application/1559116789299"
# webtalk_add_data -client sdk -key hwid -value "1559115618173" -context "sdk\\\\application/1559116789299"
# webtalk_add_data -client sdk -key bspid -value "1559116764588" -context "sdk\\\\application/1559116789299"
# webtalk_add_data -client sdk -key newbsp -value "true" -context "sdk\\\\application/1559116789299"
# webtalk_add_data -client sdk -key os -value "standalone" -context "sdk\\\\application/1559116789299"
# webtalk_add_data -client sdk -key apptemplate -value "zynq_fsbl" -context "sdk\\\\application/1559116789299"
# webtalk_transmit -clientid 1459525666 -regid "" -xml C:\\Users\\bjut\\Desktop\\ultrasonic\\ultrasonic_ps\\ultrasonic_ps.sdk\\webtalk\\usage_statistics_ext_sdk.xml -html C:\\Users\\bjut\\Desktop\\ultrasonic\\ultrasonic_ps\\ultrasonic_ps.sdk\\webtalk\\usage_statistics_ext_sdk.html -wdm C:\\Users\\bjut\\Desktop\\ultrasonic\\ultrasonic_ps\\ultrasonic_ps.sdk\\webtalk\\sdk_webtalk.wdm -intro "<H3>SDK Usage Report</H3><BR>"
webtalk_transmit: Time (s): cpu = 00:00:00 ; elapsed = 00:00:09 . Memory (MB): peak = 55.094 ; gain = 0.285

    while executing
"webtalk_transmit -clientid 1459525666 -regid "" -xml C:\\Users\\bjut\\Desktop\\ultrasonic\\ultrasonic_ps\\ultrasonic_ps.sdk\\webtalk\\usage_statistics..."
    (file "sdk_webtalk.tcl" line 52)
INFO: [Common 17-206] Exiting Webtalk at Wed May 29 17:06:54 2019...
