#-----------------------------------------------------------
# Webtalk v2015.2 (64-bit)
# SW Build 1266856 on Fri Jun 26 16:35:25 MDT 2015
# 
# Start of session at: Thu Jun 06 08:47:50 2019
# Process ID: 14796
# Log file: C:/Users/xiefe/Desktop/Multi_car/Multi_car.sdk/webtalk/webtalk.log
# Journal file: C:/Users/xiefe/Desktop/Multi_car/Multi_car.sdk/webtalk\webtalk.jou
#-----------------------------------------------------------
source sdk_webtalk.tcl
# webtalk_init -webtalk_dir C:\\Users\\xiefe\\Desktop\\Multi_car\\Multi_car.sdk\\webtalk
# webtalk_register_client -client project
# webtalk_add_data -client project -key date_generated -value "ÐÇÆÚËÄ ÁùÔÂ 6 08:47:48 2019" -context "software_version_and_target_device"
# webtalk_add_data -client project -key product_version -value "SDK v2015.2" -context "software_version_and_target_device"
# webtalk_add_data -client project -key build_version -value "2015.2" -context "software_version_and_target_device"
# webtalk_add_data -client project -key os_platform -value "amd64" -context "software_version_and_target_device"
# webtalk_add_data -client project -key registration_id -value "" -context "software_version_and_target_device"
# webtalk_add_data -client project -key tool_flow -value "SDK" -context "software_version_and_target_device"
# webtalk_add_data -client project -key beta -value "false" -context "software_version_and_target_device"
# webtalk_add_data -client project -key route_design -value "NA" -context "software_version_and_target_device"
# webtalk_add_data -client project -key target_family -value "NA" -context "software_version_and_target_device"
# webtalk_add_data -client project -key target_device -value "NA" -context "software_version_and_target_device"
# webtalk_add_data -client project -key target_package -value "NA" -context "software_version_and_target_device"
# webtalk_add_data -client project -key target_speed -value "NA" -context "software_version_and_target_device"
# webtalk_add_data -client project -key random_id -value "gh2mecod6aj6fo3alaqlpc1dut" -context "software_version_and_target_device"
# webtalk_add_data -client project -key project_id -value "2015.2_9" -context "software_version_and_target_device"
# webtalk_add_data -client project -key project_iteration -value "9" -context "software_version_and_target_device"
# webtalk_add_data -client project -key os_name -value "" -context "user_environment"
# webtalk_add_data -client project -key os_release -value "" -context "user_environment"
# webtalk_add_data -client project -key cpu_name -value "" -context "user_environment"
# webtalk_add_data -client project -key cpu_speed -value "" -context "user_environment"
# webtalk_add_data -client project -key total_processors -value "" -context "user_environment"
# webtalk_add_data -client project -key system_ram -value "" -context "user_environment"
# webtalk_register_client -client sdk
# webtalk_add_data -client sdk -key uid -value "1559774522905" -context "sdk\\\\bsp/1559774522905"
# webtalk_add_data -client sdk -key hwid -value "1559354914756" -context "sdk\\\\bsp/1559774522905"
# webtalk_add_data -client sdk -key os -value "standalone" -context "sdk\\\\bsp/1559774522905"
# webtalk_add_data -client sdk -key apptemplate -value "zynq_fsbl" -context "sdk\\\\bsp/1559774522905"
# webtalk_add_data -client sdk -key uid -value "1559774541895" -context "sdk\\\\application/1559774541895"
# webtalk_add_data -client sdk -key hwid -value "1559354914756" -context "sdk\\\\application/1559774541895"
# webtalk_add_data -client sdk -key bspid -value "1559774522905" -context "sdk\\\\application/1559774541895"
# webtalk_add_data -client sdk -key newbsp -value "true" -context "sdk\\\\application/1559774541895"
# webtalk_add_data -client sdk -key os -value "standalone" -context "sdk\\\\application/1559774541895"
# webtalk_add_data -client sdk -key apptemplate -value "zynq_fsbl" -context "sdk\\\\application/1559774541895"
# webtalk_add_data -client sdk -key uid -value "1559775023901" -context "sdk\\\\bsp/1559775023901"
# webtalk_add_data -client sdk -key hwid -value "1559354914756" -context "sdk\\\\bsp/1559775023901"
# webtalk_add_data -client sdk -key os -value "standalone" -context "sdk\\\\bsp/1559775023901"
# webtalk_add_data -client sdk -key apptemplate -value "zynq_fsbl" -context "sdk\\\\bsp/1559775023901"
# webtalk_add_data -client sdk -key uid -value "1559775038717" -context "sdk\\\\application/1559775038717"
# webtalk_add_data -client sdk -key hwid -value "1559354914756" -context "sdk\\\\application/1559775038717"
# webtalk_add_data -client sdk -key bspid -value "1559775023901" -context "sdk\\\\application/1559775038717"
# webtalk_add_data -client sdk -key newbsp -value "true" -context "sdk\\\\application/1559775038717"
# webtalk_add_data -client sdk -key os -value "standalone" -context "sdk\\\\application/1559775038717"
# webtalk_add_data -client sdk -key apptemplate -value "zynq_fsbl" -context "sdk\\\\application/1559775038717"
# webtalk_add_data -client sdk -key uid -value "1559775515183" -context "sdk\\\\bsp/1559775515183"
# webtalk_add_data -client sdk -key hwid -value "1559354914756" -context "sdk\\\\bsp/1559775515183"
# webtalk_add_data -client sdk -key os -value "standalone" -context "sdk\\\\bsp/1559775515183"
# webtalk_add_data -client sdk -key apptemplate -value "zynq_fsbl" -context "sdk\\\\bsp/1559775515183"
# webtalk_add_data -client sdk -key uid -value "1559775531022" -context "sdk\\\\application/1559775531022"
# webtalk_add_data -client sdk -key hwid -value "1559354914756" -context "sdk\\\\application/1559775531022"
# webtalk_add_data -client sdk -key bspid -value "1559775515183" -context "sdk\\\\application/1559775531022"
# webtalk_add_data -client sdk -key newbsp -value "true" -context "sdk\\\\application/1559775531022"
# webtalk_add_data -client sdk -key os -value "standalone" -context "sdk\\\\application/1559775531022"
# webtalk_add_data -client sdk -key apptemplate -value "zynq_fsbl" -context "sdk\\\\application/1559775531022"
# webtalk_add_data -client sdk -key uid -value "1559780129805" -context "sdk\\\\bsp/1559780129805"
# webtalk_add_data -client sdk -key hwid -value "1559354914756" -context "sdk\\\\bsp/1559780129805"
# webtalk_add_data -client sdk -key os -value "standalone" -context "sdk\\\\bsp/1559780129805"
# webtalk_add_data -client sdk -key apptemplate -value "zynq_fsbl" -context "sdk\\\\bsp/1559780129805"
# webtalk_add_data -client sdk -key uid -value "1559780145765" -context "sdk\\\\application/1559780145765"
# webtalk_add_data -client sdk -key hwid -value "1559354914756" -context "sdk\\\\application/1559780145765"
# webtalk_add_data -client sdk -key bspid -value "1559780129805" -context "sdk\\\\application/1559780145765"
# webtalk_add_data -client sdk -key newbsp -value "true" -context "sdk\\\\application/1559780145765"
# webtalk_add_data -client sdk -key os -value "standalone" -context "sdk\\\\application/1559780145765"
# webtalk_add_data -client sdk -key apptemplate -value "zynq_fsbl" -context "sdk\\\\application/1559780145765"
# webtalk_transmit -clientid 910579864 -regid "" -xml C:\\Users\\xiefe\\Desktop\\Multi_car\\Multi_car.sdk\\webtalk\\usage_statistics_ext_sdk.xml -html C:\\Users\\xiefe\\Desktop\\Multi_car\\Multi_car.sdk\\webtalk\\usage_statistics_ext_sdk.html -wdm C:\\Users\\xiefe\\Desktop\\Multi_car\\Multi_car.sdk\\webtalk\\sdk_webtalk.wdm -intro "<H3>SDK Usage Report</H3><BR>"

    while executing
"webtalk_transmit -clientid 910579864 -regid "" -xml C:\\Users\\xiefe\\Desktop\\Multi_car\\Multi_car.sdk\\webtalk\\usage_statistics_ext_sdk.xml -html C..."
    (file "sdk_webtalk.tcl" line 65)
INFO: [Common 17-206] Exiting Webtalk at Thu Jun 06 08:48:04 2019...
