#-----------------------------------------------------------
# Vivado v2015.2 (64-bit)
# SW Build 1266856 on Fri Jun 26 16:35:25 MDT 2015
# IP Build 1264090 on Wed Jun 24 14:22:01 MDT 2015
# Start of session at: Wed May 29 14:20:55 2019
# Process ID: 3044
# Log file: C:/Users/bjut/Desktop/ip_repo/pwm_car/vivado.log
# Journal file: C:/Users/bjut/Desktop/ip_repo/pwm_car\vivado.jou
#-----------------------------------------------------------
start_gui
open_project C:/Users/bjut/Desktop/ip_repo/pwm_car/edit_pwm_car_v1_0.xpr
Scanning sources...
Finished scanning sources
INFO: [IP_Flow 19-234] Refreshing IP repositories
INFO: [IP_Flow 19-1700] Loaded user IP repository 'c:/Users/bjut/Desktop/ip_repo/pwm_car/pwm_car_1.0'.
WARNING: [IP_Flow 19-2207] Repository 'c:/Users/bjut/Desktop/ip_repo/pwm_car/pwm_car_1.0' already exists; ignoring attempt to add it again.
INFO: [IP_Flow 19-1700] Loaded user IP repository 'c:/Users/bjut/Desktop/ip_repo/pwm_car/pwm_car_1.0'.
WARNING: [IP_Flow 19-2207] Repository 'c:/Users/bjut/Desktop/ip_repo/pwm_car/pwm_car_1.0' already exists; ignoring attempt to add it again.
INFO: [IP_Flow 19-1700] Loaded user IP repository 'c:/Users/bjut/Desktop/ip_repo/pwm_car/pwm_car_1.0'.
INFO: [IP_Flow 19-2313] Loaded Vivado IP repository 'C:/Xilinx/Vivado/2015.2/data/ip'.
open_project: Time (s): cpu = 00:00:11 ; elapsed = 00:00:05 . Memory (MB): peak = 710.648 ; gain = 125.598
