16:52:43 INFO  : Launching XSDB server: xsdb.bat -s C:/Xilinx/SDK/2015.2/scripts/xsdb/xsdb/xsdb-server.tcl
16:52:44 INFO  : Processing command line option -hwspec C:/Users/bjut/Desktop/pwm_ps/pwm_ps.sdk/design_1_wrapper.hdf.
16:52:44 INFO  : XSDB server has started successfully.
16:55:47 INFO  : Connected to target on host '127.0.0.1' and port '3121'.
16:55:47 INFO  : 'targets -set -filter {jtag_cable_name =~ "Xilinx PYNQ-Z1 003017A6DA90A" && level==0} -index 1' command is executed.
16:55:50 INFO  : FPGA configured successfully with bitstream "C:/Users/bjut/Desktop/pwm_ps/pwm_ps.sdk/design_1_wrapper_hw_platform_0/design_1_wrapper.bit"
16:55:59 INFO  : Connected to target on host '127.0.0.1' and port '3121'.
16:55:59 INFO  : 'targets -set -filter {jtag_cable_name =~ "Xilinx PYNQ-Z1 003017A6DA90A" && level==0} -index 1' command is executed.
16:55:59 INFO  : 'fpga -state' command is executed.
16:55:59 INFO  : Connected to target on host '127.0.0.1' and port '3121'.
16:56:00 INFO  : 'targets -set -filter {name =~"APU" && jtag_cable_name =~ "Xilinx PYNQ-Z1 003017A6DA90A"} -index 0' command is executed.
16:56:03 INFO  : Mermory regions for PS have been updated.
16:56:04 INFO  : Sourcing of 'C:/Users/bjut/Desktop/pwm_ps/pwm_ps.sdk/design_1_wrapper_hw_platform_0/ps7_init.tcl' is done.
16:56:04 INFO  : 'targets -set -filter {name =~"APU" && jtag_cable_name =~ "Xilinx PYNQ-Z1 003017A6DA90A"} -index 0' command is executed.
16:56:04 INFO  : 'ps7_init' command is executed.
16:56:04 INFO  : 'ps7_post_config' command is executed.
16:56:05 INFO  : Context for processor 'ps7_cortexa9_0' is selected.
16:56:05 INFO  : Processor reset is completed for 'ps7_cortexa9_0'.
16:56:05 INFO  : Context for processor 'ps7_cortexa9_0' is selected.
16:56:06 INFO  : The application 'C:/Users/bjut/Desktop/pwm_ps/pwm_ps.sdk/pwm/Debug/pwm.elf' is downloaded to processor 'ps7_cortexa9_0'.
16:56:06 INFO  : ----------------XSDB Script----------------
connect -url tcp:127.0.0.1:3121
targets -set -filter {name =~"APU" && jtag_cable_name =~ "Xilinx PYNQ-Z1 003017A6DA90A"} -index 0
memmap -addr 1092616192 -size 65536 -flags 3
memmap -addr 4160782336 -size 4096 -flags 3
memmap -addr 4160786432 -size 4096 -flags 3
memmap -addr 4160790528 -size 4096 -flags 3
memmap -addr 4160794624 -size 4096 -flags 3
memmap -addr 4169138176 -size 1048576 -flags 3
memmap -addr 1048576 -size 535822336 -flags 3
memmap -addr 4160774144 -size 4096 -flags 3
memmap -addr 4160778240 -size 256 -flags 3
memmap -addr 4160765952 -size 4096 -flags 3
memmap -addr 4160761856 -size 4096 -flags 3
memmap -addr 3758141440 -size 4096 -flags 3
memmap -addr 4176478720 -size 256 -flags 3
memmap -addr 3758137344 -size 4096 -flags 3
memmap -addr 4170186752 -size 1048576 -flags 3
memmap -addr 4176482304 -size 4096 -flags 3
memmap -addr 3760193536 -size 4096 -flags 3
memmap -addr 4176486400 -size 4096 -flags 3
memmap -addr 4160798720 -size 4096 -flags 3
memmap -addr 4176486400 -size 4096 -flags 3
memmap -addr 4169732096 -size 4096 -flags 3
memmap -addr 3758149632 -size 4096 -flags 3
memmap -addr 4227858432 -size 16777216 -flags 3
memmap -addr 0 -size 196608 -flags 3
memmap -addr 4294901760 -size 65024 -flags 3
memmap -addr 4176478208 -size 253 -flags 3
memmap -addr 4176482304 -size 4096 -flags 3
memmap -addr 4176479744 -size 32 -flags 3
memmap -addr 4176479776 -size 224 -flags 3
memmap -addr 3759144960 -size 4096 -flags 3
memmap -addr 4160749568 -size 4096 -flags 3
memmap -addr 3758096384 -size 4096 -flags 3
memmap -addr 3758104576 -size 4096 -flags 3
memmap -addr 4160778496 -size 33 -flags 3
memmap -addr 1136656384 -size 65536 -flags 3
source C:/Users/bjut/Desktop/pwm_ps/pwm_ps.sdk/design_1_wrapper_hw_platform_0/ps7_init.tcl
targets -set -filter {name =~"APU" && jtag_cable_name =~ "Xilinx PYNQ-Z1 003017A6DA90A"} -index 0
ps7_init
ps7_post_config
targets -set -nocase -filter {name =~ "ARM*#0" && jtag_cable_name =~ "Xilinx PYNQ-Z1 003017A6DA90A"} -index 0
rst -processor
targets -set -nocase -filter {name =~ "ARM*#0" && jtag_cable_name =~ "Xilinx PYNQ-Z1 003017A6DA90A"} -index 0
dow C:/Users/bjut/Desktop/pwm_ps/pwm_ps.sdk/pwm/Debug/pwm.elf
----------------End of Script----------------

16:56:06 INFO  : Memory regions updated for context APU
16:56:06 INFO  : Context for processor 'ps7_cortexa9_0' is selected.
16:56:06 INFO  : 'con' command is executed.
16:56:06 INFO  : ----------------XSDB Script (After Launch)----------------
targets -set -nocase -filter {name =~ "ARM*#0" && jtag_cable_name =~ "Xilinx PYNQ-Z1 003017A6DA90A"} -index 0
con
----------------End of Script----------------

16:58:54 INFO  : Invoking Bootgen: bootgen -image pwm.bif -o C:\Users\bjut\Desktop\pwm_ps\pwm_ps.sdk\pwm\bootimage\BOOT.bin
16:58:54 INFO  : Creating new bif file C:\Users\bjut\Desktop\pwm_ps\pwm_ps.sdk\pwm\bootimage\pwm.bif
16:58:54 INFO  : Bootgen command execution is done.
17:11:05 ERROR : Unexpected error while fetching XMD's response: 
java.net.SocketException: Connection reset
	at java.net.SocketInputStream.read(Unknown Source)
	at java.net.SocketInputStream.read(Unknown Source)
	at sun.nio.cs.StreamDecoder.readBytes(Unknown Source)
	at sun.nio.cs.StreamDecoder.implRead(Unknown Source)
	at sun.nio.cs.StreamDecoder.read(Unknown Source)
	at java.io.InputStreamReader.read(Unknown Source)
	at java.io.BufferedReader.fill(Unknown Source)
	at java.io.BufferedReader.read(Unknown Source)
	at com.xilinx.sdk.targetmanager.internal.json.XMDJSONProcess$CommandResultsReader.run(XMDJSONProcess.java:332)
	at java.lang.Thread.run(Unknown Source)
17:11:05 ERROR : Zero sized response read from XMD. This indicates a communication error or a programming error.
17:11:05 WARN  : Unexpected exception occurred.
java.io.IOException: Command [C 83 xsdb eval "disconnect tcfchan#1"] aborted
	at org.eclipse.tcf.core.AbstractChannel$9.run(AbstractChannel.java:728)
	at org.eclipse.tcf.EventQueue.run(EventQueue.java:95)
	at java.lang.Thread.run(Unknown Source)
Caused by: java.net.SocketException: Connection reset
	at java.net.SocketInputStream.read(Unknown Source)
	at java.net.SocketInputStream.read(Unknown Source)
	at java.io.BufferedInputStream.fill(Unknown Source)
	at java.io.BufferedInputStream.read1(Unknown Source)
	at java.io.BufferedInputStream.read(Unknown Source)
	at java.io.FilterInputStream.read(Unknown Source)
	at org.eclipse.tcf.core.ChannelTCP.get(ChannelTCP.java:162)
	at org.eclipse.tcf.core.StreamChannel.read(StreamChannel.java:71)
	at org.eclipse.tcf.core.AbstractChannel$1.run(AbstractChannel.java:254)
17:11:08 INFO  : Launching XSDB server: xsdb.bat -s C:/Xilinx/SDK/2015.2/scripts/xsdb/xsdb/xsdb-server.tcl
16:08:30 INFO  : Launching XSDB server: xsdb.bat -s C:/Xilinx/SDK/2015.2/scripts/xsdb/xsdb/xsdb-server.tcl
16:08:41 INFO  : XSDB server has started successfully.
