
*** Running vivado
    with args -log design_1_wrapper.vdi -applog -m64 -messageDb vivado.pb -mode batch -source design_1_wrapper.tcl -notrace

WARNING: Default location for XILINX_VIVADO_HLS not found: 

****** Vivado v2015.2 (64-bit)
  **** SW Build 1266856 on Fri Jun 26 16:35:25 MDT 2015
  **** IP Build 1264090 on Wed Jun 24 14:22:01 MDT 2015
    ** Copyright 1986-2015 Xilinx, Inc. All Rights Reserved.

source design_1_wrapper.tcl -notrace
Design is defaulting to srcset: sources_1
Design is defaulting to constrset: constrs_1
INFO: [Netlist 29-17] Analyzing 112 Unisim elements for replacement
INFO: [Netlist 29-28] Unisim Transformation completed in 0 CPU seconds
INFO: [Project 1-479] Netlist was created with Vivado 2015.2
INFO: [Device 21-403] Loading part xc7z020clg400-1
INFO: [Project 1-570] Preparing netlist for logic optimization
Parsing XDC File [c:/Users/bjut/Desktop/ultrasonic/ultrasonic_ps/ultrasonic_ps.srcs/sources_1/bd/design_1/ip/design_1_processing_system7_0_0/design_1_processing_system7_0_0.xdc] for cell 'design_1_i/processing_system7_0/inst'
Finished Parsing XDC File [c:/Users/bjut/Desktop/ultrasonic/ultrasonic_ps/ultrasonic_ps.srcs/sources_1/bd/design_1/ip/design_1_processing_system7_0_0/design_1_processing_system7_0_0.xdc] for cell 'design_1_i/processing_system7_0/inst'
Parsing XDC File [c:/Users/bjut/Desktop/ultrasonic/ultrasonic_ps/ultrasonic_ps.srcs/sources_1/bd/design_1/ip/design_1_rst_processing_system7_0_100M_0/design_1_rst_processing_system7_0_100M_0_board.xdc] for cell 'design_1_i/rst_processing_system7_0_100M'
Finished Parsing XDC File [c:/Users/bjut/Desktop/ultrasonic/ultrasonic_ps/ultrasonic_ps.srcs/sources_1/bd/design_1/ip/design_1_rst_processing_system7_0_100M_0/design_1_rst_processing_system7_0_100M_0_board.xdc] for cell 'design_1_i/rst_processing_system7_0_100M'
Parsing XDC File [c:/Users/bjut/Desktop/ultrasonic/ultrasonic_ps/ultrasonic_ps.srcs/sources_1/bd/design_1/ip/design_1_rst_processing_system7_0_100M_0/design_1_rst_processing_system7_0_100M_0.xdc] for cell 'design_1_i/rst_processing_system7_0_100M'
Finished Parsing XDC File [c:/Users/bjut/Desktop/ultrasonic/ultrasonic_ps/ultrasonic_ps.srcs/sources_1/bd/design_1/ip/design_1_rst_processing_system7_0_100M_0/design_1_rst_processing_system7_0_100M_0.xdc] for cell 'design_1_i/rst_processing_system7_0_100M'
Parsing XDC File [C:/Users/bjut/Desktop/ultrasonic/ultrasonic_ps/ultrasonic_ps.srcs/constrs_1/new/ultrasonic_pwm_gjfp.xdc]
Finished Parsing XDC File [C:/Users/bjut/Desktop/ultrasonic/ultrasonic_ps/ultrasonic_ps.srcs/constrs_1/new/ultrasonic_pwm_gjfp.xdc]
INFO: [Opt 31-138] Pushed 0 inverter(s) to 0 load pin(s).
INFO: [Project 1-111] Unisim Transformation Summary:
No Unisim elements were transformed.

link_design: Time (s): cpu = 00:00:09 ; elapsed = 00:00:11 . Memory (MB): peak = 505.691 ; gain = 289.445
Command: opt_design
Attempting to get a license for feature 'Implementation' and/or device 'xc7z020'
INFO: [Common 17-349] Got license for feature 'Implementation' and/or device 'xc7z020'
Running DRC as a precondition to command opt_design

Starting DRC Task
INFO: [DRC 23-27] Running DRC with 2 threads
INFO: [Project 1-461] DRC finished with 0 Errors
INFO: [Project 1-462] Please refer to the DRC report (report_drc) for more information.

Time (s): cpu = 00:00:00 ; elapsed = 00:00:01 . Memory (MB): peak = 509.809 ; gain = 3.203
INFO: [Timing 38-35] Done setting XDC timing constraints.

Starting Logic Optimization Task

Phase 1 Retarget

INFO: [Opt 31-138] Pushed 0 inverter(s) to 0 load pin(s).
INFO: [Opt 31-49] Retargeted 0 cell(s).
Phase 1 Retarget | Checksum: 1b4240c47

Time (s): cpu = 00:00:01 ; elapsed = 00:00:00.530 . Memory (MB): peak = 991.305 ; gain = 0.000

Phase 2 Constant Propagation
INFO: [Opt 31-138] Pushed 0 inverter(s) to 0 load pin(s).
INFO: [Opt 31-10] Eliminated 8 cells.
Phase 2 Constant Propagation | Checksum: 2069321c6

Time (s): cpu = 00:00:01 ; elapsed = 00:00:01 . Memory (MB): peak = 991.305 ; gain = 0.000

Phase 3 Sweep
INFO: [Opt 31-12] Eliminated 455 unconnected nets.
INFO: [Opt 31-11] Eliminated 264 unconnected cells.
Phase 3 Sweep | Checksum: 1eb729de4

Time (s): cpu = 00:00:02 ; elapsed = 00:00:02 . Memory (MB): peak = 991.305 ; gain = 0.000

Starting Connectivity Check Task

Time (s): cpu = 00:00:00 ; elapsed = 00:00:00 . Memory (MB): peak = 991.305 ; gain = 0.000
Ending Logic Optimization Task | Checksum: 1eb729de4

Time (s): cpu = 00:00:02 ; elapsed = 00:00:02 . Memory (MB): peak = 991.305 ; gain = 0.000
Implement Debug Cores | Checksum: 17979b1d6
Logic Optimization | Checksum: 17979b1d6

Starting Power Optimization Task
INFO: [Pwropt 34-132] Skipping clock gating for clocks with a period < 3.13 ns.
Ending Power Optimization Task | Checksum: 1eb729de4

Time (s): cpu = 00:00:00 ; elapsed = 00:00:00.110 . Memory (MB): peak = 991.305 ; gain = 0.000
INFO: [Common 17-83] Releasing license: Implementation
20 Infos, 0 Warnings, 0 Critical Warnings and 0 Errors encountered.
opt_design completed successfully
opt_design: Time (s): cpu = 00:00:16 ; elapsed = 00:00:36 . Memory (MB): peak = 991.305 ; gain = 485.613
Writing placer database...
Writing XDEF routing.
Writing XDEF routing logical nets.
Writing XDEF routing special nets.
Write XDEF Complete: Time (s): cpu = 00:00:01 ; elapsed = 00:00:00.281 . Memory (MB): peak = 991.305 ; gain = 0.000
INFO: [DRC 23-27] Running DRC with 2 threads
INFO: [Coretcl 2-168] The results of DRC are in file C:/Users/bjut/Desktop/ultrasonic/ultrasonic_ps/ultrasonic_ps.runs/impl_1/design_1_wrapper_drc_opted.rpt.
Command: place_design
Attempting to get a license for feature 'Implementation' and/or device 'xc7z020'
INFO: [Common 17-349] Got license for feature 'Implementation' and/or device 'xc7z020'
INFO: [DRC 23-27] Running DRC with 2 threads
INFO: [Vivado_Tcl 4-198] DRC finished with 0 Errors
INFO: [Vivado_Tcl 4-199] Please refer to the DRC report (report_drc) for more information.
Running DRC as a precondition to command place_design
INFO: [DRC 23-27] Running DRC with 2 threads
INFO: [Vivado_Tcl 4-198] DRC finished with 0 Errors
INFO: [Vivado_Tcl 4-199] Please refer to the DRC report (report_drc) for more information.

Starting Placer Task
INFO: [Place 30-611] Multithreading enabled for place_design using a maximum of 2 CPUs

Phase 1 Placer Runtime Estimator
Phase 1 Placer Runtime Estimator | Checksum: 1b4d43879

Time (s): cpu = 00:00:00 ; elapsed = 00:00:00.125 . Memory (MB): peak = 991.305 ; gain = 0.000

Phase 2 Placer Initialization
Netlist sorting complete. Time (s): cpu = 00:00:00 ; elapsed = 00:00:00.016 . Memory (MB): peak = 991.305 ; gain = 0.000
Netlist sorting complete. Time (s): cpu = 00:00:00 ; elapsed = 00:00:00.016 . Memory (MB): peak = 991.305 ; gain = 0.000

Phase 2.1 IO Placement/ Clock Placement/ Build Placer Device

Phase 2.1.1 Pre-Place Cells
Phase 2.1.1 Pre-Place Cells | Checksum: e57ce872

Time (s): cpu = 00:00:00 ; elapsed = 00:00:00.453 . Memory (MB): peak = 991.305 ; gain = 0.000
WARNING: [Place 30-12] An IO Bus FIXED_IO_mio with more than one IO standard is found. Components associated with this bus are: 
	FIXED_IO_mio[53] of IOStandard LVCMOS18
	FIXED_IO_mio[52] of IOStandard LVCMOS18
	FIXED_IO_mio[51] of IOStandard LVCMOS18
	FIXED_IO_mio[50] of IOStandard LVCMOS18
	FIXED_IO_mio[49] of IOStandard LVCMOS18
	FIXED_IO_mio[48] of IOStandard LVCMOS18
	FIXED_IO_mio[47] of IOStandard LVCMOS18
	FIXED_IO_mio[46] of IOStandard LVCMOS18
	FIXED_IO_mio[45] of IOStandard LVCMOS18
	FIXED_IO_mio[44] of IOStandard LVCMOS18
	FIXED_IO_mio[43] of IOStandard LVCMOS18
	FIXED_IO_mio[42] of IOStandard LVCMOS18
	FIXED_IO_mio[41] of IOStandard LVCMOS18
	FIXED_IO_mio[40] of IOStandard LVCMOS18
	FIXED_IO_mio[39] of IOStandard LVCMOS18
	FIXED_IO_mio[38] of IOStandard LVCMOS18
	FIXED_IO_mio[37] of IOStandard LVCMOS18
	FIXED_IO_mio[36] of IOStandard LVCMOS18
	FIXED_IO_mio[35] of IOStandard LVCMOS18
	FIXED_IO_mio[34] of IOStandard LVCMOS18
	FIXED_IO_mio[33] of IOStandard LVCMOS18
	FIXED_IO_mio[32] of IOStandard LVCMOS18
	FIXED_IO_mio[31] of IOStandard LVCMOS18
	FIXED_IO_mio[30] of IOStandard LVCMOS18
	FIXED_IO_mio[29] of IOStandard LVCMOS18
	FIXED_IO_mio[28] of IOStandard LVCMOS18
	FIXED_IO_mio[27] of IOStandard LVCMOS18
	FIXED_IO_mio[26] of IOStandard LVCMOS18
	FIXED_IO_mio[25] of IOStandard LVCMOS18
	FIXED_IO_mio[24] of IOStandard LVCMOS18
	FIXED_IO_mio[23] of IOStandard LVCMOS18
	FIXED_IO_mio[22] of IOStandard LVCMOS18
	FIXED_IO_mio[21] of IOStandard LVCMOS18
	FIXED_IO_mio[20] of IOStandard LVCMOS18
	FIXED_IO_mio[19] of IOStandard LVCMOS18
	FIXED_IO_mio[18] of IOStandard LVCMOS18
	FIXED_IO_mio[17] of IOStandard LVCMOS18
	FIXED_IO_mio[16] of IOStandard LVCMOS18
	FIXED_IO_mio[15] of IOStandard LVCMOS33
	FIXED_IO_mio[14] of IOStandard LVCMOS33
	FIXED_IO_mio[13] of IOStandard LVCMOS33
	FIXED_IO_mio[12] of IOStandard LVCMOS33
	FIXED_IO_mio[11] of IOStandard LVCMOS33
	FIXED_IO_mio[10] of IOStandard LVCMOS33
	FIXED_IO_mio[9] of IOStandard LVCMOS33
	FIXED_IO_mio[8] of IOStandard LVCMOS33
	FIXED_IO_mio[7] of IOStandard LVCMOS33
	FIXED_IO_mio[6] of IOStandard LVCMOS33
	FIXED_IO_mio[5] of IOStandard LVCMOS33
	FIXED_IO_mio[4] of IOStandard LVCMOS33
	FIXED_IO_mio[3] of IOStandard LVCMOS33
	FIXED_IO_mio[2] of IOStandard LVCMOS33
	FIXED_IO_mio[1] of IOStandard LVCMOS33
	FIXED_IO_mio[0] of IOStandard LVCMOS33
INFO: [Timing 38-35] Done setting XDC timing constraints.

Phase 2.1.2 IO & Clk Clean Up
Phase 2.1.2 IO & Clk Clean Up | Checksum: e57ce872

Time (s): cpu = 00:00:03 ; elapsed = 00:00:03 . Memory (MB): peak = 1017.109 ; gain = 25.805

Phase 2.1.3 Implementation Feasibility check On IDelay
Phase 2.1.3 Implementation Feasibility check On IDelay | Checksum: e57ce872

Time (s): cpu = 00:00:03 ; elapsed = 00:00:03 . Memory (MB): peak = 1017.109 ; gain = 25.805

Phase 2.1.4 Commit IO Placement
Phase 2.1.4 Commit IO Placement | Checksum: 8620df36

Time (s): cpu = 00:00:03 ; elapsed = 00:00:03 . Memory (MB): peak = 1017.109 ; gain = 25.805
Phase 2.1 IO Placement/ Clock Placement/ Build Placer Device | Checksum: 1631cb29f

Time (s): cpu = 00:00:03 ; elapsed = 00:00:03 . Memory (MB): peak = 1017.109 ; gain = 25.805

Phase 2.2 Build Placer Netlist Model

Phase 2.2.1 Place Init Design

Phase 2.2.1.1 Init Lut Pin Assignment
Phase 2.2.1.1 Init Lut Pin Assignment | Checksum: 1e1c631da

Time (s): cpu = 00:00:03 ; elapsed = 00:00:04 . Memory (MB): peak = 1017.109 ; gain = 25.805
Phase 2.2.1 Place Init Design | Checksum: 140d77db9

Time (s): cpu = 00:00:04 ; elapsed = 00:00:05 . Memory (MB): peak = 1017.109 ; gain = 25.805
Phase 2.2 Build Placer Netlist Model | Checksum: 140d77db9

Time (s): cpu = 00:00:04 ; elapsed = 00:00:05 . Memory (MB): peak = 1017.109 ; gain = 25.805

Phase 2.3 Constrain Clocks/Macros

Phase 2.3.1 Constrain Global/Regional Clocks
Phase 2.3.1 Constrain Global/Regional Clocks | Checksum: 140d77db9

Time (s): cpu = 00:00:04 ; elapsed = 00:00:05 . Memory (MB): peak = 1017.109 ; gain = 25.805
Phase 2.3 Constrain Clocks/Macros | Checksum: 140d77db9

Time (s): cpu = 00:00:04 ; elapsed = 00:00:05 . Memory (MB): peak = 1017.109 ; gain = 25.805
Phase 2 Placer Initialization | Checksum: 140d77db9

Time (s): cpu = 00:00:04 ; elapsed = 00:00:05 . Memory (MB): peak = 1017.109 ; gain = 25.805

Phase 3 Global Placement
Phase 3 Global Placement | Checksum: 156eeff4f

Time (s): cpu = 00:00:09 ; elapsed = 00:00:08 . Memory (MB): peak = 1017.109 ; gain = 25.805

Phase 4 Detail Placement

Phase 4.1 Commit Multi Column Macros
Phase 4.1 Commit Multi Column Macros | Checksum: 156eeff4f

Time (s): cpu = 00:00:09 ; elapsed = 00:00:08 . Memory (MB): peak = 1017.109 ; gain = 25.805

Phase 4.2 Commit Most Macros & LUTRAMs
Phase 4.2 Commit Most Macros & LUTRAMs | Checksum: 1296a4ba3

Time (s): cpu = 00:00:10 ; elapsed = 00:00:09 . Memory (MB): peak = 1017.109 ; gain = 25.805

Phase 4.3 Area Swap Optimization
Phase 4.3 Area Swap Optimization | Checksum: 12af59906

Time (s): cpu = 00:00:10 ; elapsed = 00:00:09 . Memory (MB): peak = 1017.109 ; gain = 25.805

Phase 4.4 updateClock Trees: DP
Phase 4.4 updateClock Trees: DP | Checksum: 12af59906

Time (s): cpu = 00:00:10 ; elapsed = 00:00:09 . Memory (MB): peak = 1017.109 ; gain = 25.805

Phase 4.5 Timing Path Optimizer
Phase 4.5 Timing Path Optimizer | Checksum: 106c1f921

Time (s): cpu = 00:00:11 ; elapsed = 00:00:10 . Memory (MB): peak = 1017.109 ; gain = 25.805

Phase 4.6 Small Shape Detail Placement

Phase 4.6.1 Commit Small Macros & Core Logic

Phase 4.6.1.1 setBudgets
Phase 4.6.1.1 setBudgets | Checksum: e30505b8

Time (s): cpu = 00:00:11 ; elapsed = 00:00:10 . Memory (MB): peak = 1017.109 ; gain = 25.805

Phase 4.6.1.2 Commit Slice Clusters
Phase 4.6.1.2 Commit Slice Clusters | Checksum: 121194002

Time (s): cpu = 00:00:12 ; elapsed = 00:00:11 . Memory (MB): peak = 1017.109 ; gain = 25.805
Phase 4.6.1 Commit Small Macros & Core Logic | Checksum: 121194002

Time (s): cpu = 00:00:12 ; elapsed = 00:00:11 . Memory (MB): peak = 1017.109 ; gain = 25.805

Phase 4.6.2 Clock Restriction Legalization for Leaf Columns
Phase 4.6.2 Clock Restriction Legalization for Leaf Columns | Checksum: 121194002

Time (s): cpu = 00:00:12 ; elapsed = 00:00:11 . Memory (MB): peak = 1017.109 ; gain = 25.805

Phase 4.6.3 Clock Restriction Legalization for Non-Clock Pins
Phase 4.6.3 Clock Restriction Legalization for Non-Clock Pins | Checksum: 121194002

Time (s): cpu = 00:00:12 ; elapsed = 00:00:11 . Memory (MB): peak = 1017.109 ; gain = 25.805
Phase 4.6 Small Shape Detail Placement | Checksum: 121194002

Time (s): cpu = 00:00:12 ; elapsed = 00:00:11 . Memory (MB): peak = 1017.109 ; gain = 25.805

Phase 4.7 Re-assign LUT pins
Phase 4.7 Re-assign LUT pins | Checksum: 121194002

Time (s): cpu = 00:00:12 ; elapsed = 00:00:11 . Memory (MB): peak = 1017.109 ; gain = 25.805
Phase 4 Detail Placement | Checksum: 121194002

Time (s): cpu = 00:00:12 ; elapsed = 00:00:11 . Memory (MB): peak = 1017.109 ; gain = 25.805

Phase 5 Post Placement Optimization and Clean-Up

Phase 5.1 PCOPT Shape updates
Phase 5.1 PCOPT Shape updates | Checksum: 17b78682c

Time (s): cpu = 00:00:12 ; elapsed = 00:00:11 . Memory (MB): peak = 1017.109 ; gain = 25.805

Phase 5.2 Post Commit Optimization

Phase 5.2.1 updateClock Trees: PCOPT
Phase 5.2.1 updateClock Trees: PCOPT | Checksum: 17b78682c

Time (s): cpu = 00:00:12 ; elapsed = 00:00:11 . Memory (MB): peak = 1017.109 ; gain = 25.805

Phase 5.2.2 Post Placement Optimization

Phase 5.2.2.1 Post Placement Timing Optimization
INFO: [Place 30-746] Post Placement Timing Summary WNS=3.994. For the most accurate timing information please run report_timing.
Phase 5.2.2.1 Post Placement Timing Optimization | Checksum: 1c29bf592

Time (s): cpu = 00:00:13 ; elapsed = 00:00:12 . Memory (MB): peak = 1017.109 ; gain = 25.805
Phase 5.2.2 Post Placement Optimization | Checksum: 1c29bf592

Time (s): cpu = 00:00:13 ; elapsed = 00:00:12 . Memory (MB): peak = 1017.109 ; gain = 25.805
Phase 5.2 Post Commit Optimization | Checksum: 1c29bf592

Time (s): cpu = 00:00:13 ; elapsed = 00:00:12 . Memory (MB): peak = 1017.109 ; gain = 25.805

Phase 5.3 Sweep Clock Roots: Post-Placement
Phase 5.3 Sweep Clock Roots: Post-Placement | Checksum: 1c29bf592

Time (s): cpu = 00:00:13 ; elapsed = 00:00:12 . Memory (MB): peak = 1017.109 ; gain = 25.805

Phase 5.4 Post Placement Cleanup
Phase 5.4 Post Placement Cleanup | Checksum: 1c29bf592

Time (s): cpu = 00:00:13 ; elapsed = 00:00:12 . Memory (MB): peak = 1017.109 ; gain = 25.805

Phase 5.5 Placer Reporting

Phase 5.5.1 Restore STA
Phase 5.5.1 Restore STA | Checksum: 1c29bf592

Time (s): cpu = 00:00:13 ; elapsed = 00:00:12 . Memory (MB): peak = 1017.109 ; gain = 25.805
Phase 5.5 Placer Reporting | Checksum: 1c29bf592

Time (s): cpu = 00:00:13 ; elapsed = 00:00:12 . Memory (MB): peak = 1017.109 ; gain = 25.805

Phase 5.6 Final Placement Cleanup
Phase 5.6 Final Placement Cleanup | Checksum: d82b385c

Time (s): cpu = 00:00:13 ; elapsed = 00:00:12 . Memory (MB): peak = 1017.109 ; gain = 25.805
Phase 5 Post Placement Optimization and Clean-Up | Checksum: d82b385c

Time (s): cpu = 00:00:13 ; elapsed = 00:00:12 . Memory (MB): peak = 1017.109 ; gain = 25.805
Ending Placer Task | Checksum: 59225bc5

Time (s): cpu = 00:00:13 ; elapsed = 00:00:12 . Memory (MB): peak = 1017.109 ; gain = 25.805
INFO: [Common 17-83] Releasing license: Implementation
33 Infos, 1 Warnings, 0 Critical Warnings and 0 Errors encountered.
place_design completed successfully
place_design: Time (s): cpu = 00:00:14 ; elapsed = 00:00:13 . Memory (MB): peak = 1017.109 ; gain = 25.805
Writing placer database...
Writing XDEF routing.
Writing XDEF routing logical nets.
Writing XDEF routing special nets.
Write XDEF Complete: Time (s): cpu = 00:00:02 ; elapsed = 00:00:00.640 . Memory (MB): peak = 1017.109 ; gain = 0.000
report_io: Time (s): cpu = 00:00:00 ; elapsed = 00:00:00.110 . Memory (MB): peak = 1017.109 ; gain = 0.000
report_utilization: Time (s): cpu = 00:00:00 ; elapsed = 00:00:00.093 . Memory (MB): peak = 1017.109 ; gain = 0.000
report_control_sets: Time (s): cpu = 00:00:00 ; elapsed = 00:00:00.016 . Memory (MB): peak = 1017.109 ; gain = 0.000
Command: route_design
Attempting to get a license for feature 'Implementation' and/or device 'xc7z020'
INFO: [Common 17-349] Got license for feature 'Implementation' and/or device 'xc7z020'
Running DRC as a precondition to command route_design
INFO: [DRC 23-27] Running DRC with 2 threads
WARNING: [DRC 23-20] Rule violation (PLIO-7) Placement Constraints Check for IO constraints - An IO Bus FIXED_IO_mio[53:0] with more than one IO standard is found. Components associated with this bus are:  FIXED_IO_mio[53] of IOStandard LVCMOS18; FIXED_IO_mio[52] of IOStandard LVCMOS18; FIXED_IO_mio[51] of IOStandard LVCMOS18; FIXED_IO_mio[50] of IOStandard LVCMOS18; FIXED_IO_mio[49] of IOStandard LVCMOS18; FIXED_IO_mio[48] of IOStandard LVCMOS18; FIXED_IO_mio[47] of IOStandard LVCMOS18; FIXED_IO_mio[46] of IOStandard LVCMOS18; FIXED_IO_mio[45] of IOStandard LVCMOS18; FIXED_IO_mio[44] of IOStandard LVCMOS18; FIXED_IO_mio[43] of IOStandard LVCMOS18; FIXED_IO_mio[42] of IOStandard LVCMOS18; FIXED_IO_mio[41] of IOStandard LVCMOS18; FIXED_IO_mio[40] of IOStandard LVCMOS18; FIXED_IO_mio[39] of IOStandard LVCMOS18; FIXED_IO_mio[38] of IOStandard LVCMOS18; FIXED_IO_mio[37] of IOStandard LVCMOS18; FIXED_IO_mio[36] of IOStandard LVCMOS18; FIXED_IO_mio[35] of IOStandard LVCMOS18; FIXED_IO_mio[34] of IOStandard LVCMOS18; FIXED_IO_mio[33] of IOStandard LVCMOS18; FIXED_IO_mio[32] of IOStandard LVCMOS18; FIXED_IO_mio[31] of IOStandard LVCMOS18; FIXED_IO_mio[30] of IOStandard LVCMOS18; FIXED_IO_mio[29] of IOStandard LVCMOS18; FIXED_IO_mio[28] of IOStandard LVCMOS18; FIXED_IO_mio[27] of IOStandard LVCMOS18; FIXED_IO_mio[26] of IOStandard LVCMOS18; FIXED_IO_mio[25] of IOStandard LVCMOS18; FIXED_IO_mio[24] of IOStandard LVCMOS18; FIXED_IO_mio[23] of IOStandard LVCMOS18; FIXED_IO_mio[22] of IOStandard LVCMOS18; FIXED_IO_mio[21] of IOStandard LVCMOS18; FIXED_IO_mio[20] of IOStandard LVCMOS18; FIXED_IO_mio[19] of IOStandard LVCMOS18; FIXED_IO_mio[18] of IOStandard LVCMOS18; FIXED_IO_mio[17] of IOStandard LVCMOS18; FIXED_IO_mio[16] of IOStandard LVCMOS18; FIXED_IO_mio[15] of IOStandard LVCMOS33; FIXED_IO_mio[14] of IOStandard LVCMOS33; FIXED_IO_mio[13] of IOStandard LVCMOS33; FIXED_IO_mio[12] of IOStandard LVCMOS33; FIXED_IO_mio[11] of IOStandard LVCMOS33; FIXED_IO_mio[10] of IOStandard LVCMOS33; FIXED_IO_mio[9] of IOStandard LVCMOS33; FIXED_IO_mio[8] of IOStandard LVCMOS33; FIXED_IO_mio[7] of IOStandard LVCMOS33; FIXED_IO_mio[6] of IOStandard LVCMOS33; FIXED_IO_mio[5] of IOStandard LVCMOS33; FIXED_IO_mio[4] of IOStandard LVCMOS33; FIXED_IO_mio[3] of IOStandard LVCMOS33; FIXED_IO_mio[2] of IOStandard LVCMOS33; FIXED_IO_mio[1] of IOStandard LVCMOS33; FIXED_IO_mio[0] of IOStandard LVCMOS33;
INFO: [Vivado_Tcl 4-198] DRC finished with 0 Errors, 1 Warnings
INFO: [Vivado_Tcl 4-199] Please refer to the DRC report (report_drc) for more information.


Starting Routing Task
INFO: [Route 35-254] Multithreading enabled for route_design using a maximum of 2 CPUs

Phase 1 Build RT Design
Phase 1 Build RT Design | Checksum: bbcbaee3

Time (s): cpu = 00:00:37 ; elapsed = 00:00:33 . Memory (MB): peak = 1109.809 ; gain = 92.699

Phase 2 Router Initialization

Phase 2.1 Create Timer
Phase 2.1 Create Timer | Checksum: bbcbaee3

Time (s): cpu = 00:00:37 ; elapsed = 00:00:33 . Memory (MB): peak = 1111.477 ; gain = 94.367

Phase 2.2 Pre Route Cleanup
Phase 2.2 Pre Route Cleanup | Checksum: bbcbaee3

Time (s): cpu = 00:00:37 ; elapsed = 00:00:33 . Memory (MB): peak = 1118.992 ; gain = 101.883
 Number of Nodes with overlaps = 0

Phase 2.3 Update Timing
Phase 2.3 Update Timing | Checksum: d6a5bcee

Time (s): cpu = 00:00:39 ; elapsed = 00:00:34 . Memory (MB): peak = 1143.527 ; gain = 126.418
INFO: [Route 35-57] Estimated Timing Summary | WNS=3.976  | TNS=0.000  | WHS=-0.154 | THS=-40.697|

Phase 2 Router Initialization | Checksum: 7a07d232

Time (s): cpu = 00:00:39 ; elapsed = 00:00:35 . Memory (MB): peak = 1143.527 ; gain = 126.418

Phase 3 Initial Routing
Phase 3 Initial Routing | Checksum: 10b148ea7

Time (s): cpu = 00:00:40 ; elapsed = 00:00:35 . Memory (MB): peak = 1143.527 ; gain = 126.418

Phase 4 Rip-up And Reroute

Phase 4.1 Global Iteration 0
 Number of Nodes with overlaps = 239
 Number of Nodes with overlaps = 2
 Number of Nodes with overlaps = 0

Phase 4.1.1 Update Timing
Phase 4.1.1 Update Timing | Checksum: 2c1b09754

Time (s): cpu = 00:00:42 ; elapsed = 00:00:36 . Memory (MB): peak = 1143.527 ; gain = 126.418
INFO: [Route 35-57] Estimated Timing Summary | WNS=2.226  | TNS=0.000  | WHS=N/A    | THS=N/A    |

Phase 4.1 Global Iteration 0 | Checksum: 206573be5

Time (s): cpu = 00:00:42 ; elapsed = 00:00:36 . Memory (MB): peak = 1143.527 ; gain = 126.418

Phase 4.2 Global Iteration 1
 Number of Nodes with overlaps = 0

Phase 4.2.1 Update Timing
Phase 4.2.1 Update Timing | Checksum: 17d3a71af

Time (s): cpu = 00:00:42 ; elapsed = 00:00:36 . Memory (MB): peak = 1143.527 ; gain = 126.418
INFO: [Route 35-57] Estimated Timing Summary | WNS=2.226  | TNS=0.000  | WHS=N/A    | THS=N/A    |

Phase 4.2 Global Iteration 1 | Checksum: 203409091

Time (s): cpu = 00:00:42 ; elapsed = 00:00:36 . Memory (MB): peak = 1143.527 ; gain = 126.418
Phase 4 Rip-up And Reroute | Checksum: 203409091

Time (s): cpu = 00:00:42 ; elapsed = 00:00:36 . Memory (MB): peak = 1143.527 ; gain = 126.418

Phase 5 Delay and Skew Optimization

Phase 5.1 Delay CleanUp

Phase 5.1.1 Update Timing
Phase 5.1.1 Update Timing | Checksum: 260944fa9

Time (s): cpu = 00:00:42 ; elapsed = 00:00:36 . Memory (MB): peak = 1143.527 ; gain = 126.418
INFO: [Route 35-57] Estimated Timing Summary | WNS=2.240  | TNS=0.000  | WHS=N/A    | THS=N/A    |

Phase 5.1 Delay CleanUp | Checksum: 260944fa9

Time (s): cpu = 00:00:42 ; elapsed = 00:00:36 . Memory (MB): peak = 1143.527 ; gain = 126.418

Phase 5.2 Clock Skew Optimization
Phase 5.2 Clock Skew Optimization | Checksum: 260944fa9

Time (s): cpu = 00:00:42 ; elapsed = 00:00:36 . Memory (MB): peak = 1143.527 ; gain = 126.418
Phase 5 Delay and Skew Optimization | Checksum: 260944fa9

Time (s): cpu = 00:00:42 ; elapsed = 00:00:36 . Memory (MB): peak = 1143.527 ; gain = 126.418

Phase 6 Post Hold Fix

Phase 6.1 Update Timing
Phase 6.1 Update Timing | Checksum: 1fec7101d

Time (s): cpu = 00:00:43 ; elapsed = 00:00:37 . Memory (MB): peak = 1143.527 ; gain = 126.418
INFO: [Route 35-57] Estimated Timing Summary | WNS=2.240  | TNS=0.000  | WHS=0.024  | THS=0.000  |

Phase 6 Post Hold Fix | Checksum: 1925d33e9

Time (s): cpu = 00:00:43 ; elapsed = 00:00:37 . Memory (MB): peak = 1143.527 ; gain = 126.418

Phase 7 Route finalize

Router Utilization Summary
  Global Vertical Routing Utilization    = 0.52858 %
  Global Horizontal Routing Utilization  = 0.50262 %
  Routable Net Status*
  *Does not include unroutable nets such as driverless and loadless.
  Run report_route_status for detailed report.
  Number of Failed Nets               = 0
  Number of Unrouted Nets             = 0
  Number of Partially Routed Nets     = 0
  Number of Node Overlaps             = 0

Phase 7 Route finalize | Checksum: 1c848410d

Time (s): cpu = 00:00:43 ; elapsed = 00:00:37 . Memory (MB): peak = 1143.527 ; gain = 126.418

Phase 8 Verifying routed nets

 Verification completed successfully
Phase 8 Verifying routed nets | Checksum: 1c848410d

Time (s): cpu = 00:00:43 ; elapsed = 00:00:37 . Memory (MB): peak = 1143.527 ; gain = 126.418

Phase 9 Depositing Routes
Phase 9 Depositing Routes | Checksum: 16e2a1d1e

Time (s): cpu = 00:00:43 ; elapsed = 00:00:37 . Memory (MB): peak = 1143.527 ; gain = 126.418

Phase 10 Post Router Timing
INFO: [Route 35-57] Estimated Timing Summary | WNS=2.240  | TNS=0.000  | WHS=0.024  | THS=0.000  |

INFO: [Route 35-327] The final timing numbers are based on the router estimated timing analysis. For a complete and accurate timing signoff, please run report_timing_summary.
Phase 10 Post Router Timing | Checksum: 16e2a1d1e

Time (s): cpu = 00:00:43 ; elapsed = 00:00:37 . Memory (MB): peak = 1143.527 ; gain = 126.418
INFO: [Route 35-16] Router Completed Successfully

Time (s): cpu = 00:00:43 ; elapsed = 00:00:37 . Memory (MB): peak = 1143.527 ; gain = 126.418

Routing Is Done.
INFO: [Common 17-83] Releasing license: Implementation
47 Infos, 2 Warnings, 0 Critical Warnings and 0 Errors encountered.
route_design completed successfully
route_design: Time (s): cpu = 00:00:45 ; elapsed = 00:00:38 . Memory (MB): peak = 1143.527 ; gain = 126.418
Writing placer database...
Writing XDEF routing.
Writing XDEF routing logical nets.
Writing XDEF routing special nets.
Write XDEF Complete: Time (s): cpu = 00:00:02 ; elapsed = 00:00:00.702 . Memory (MB): peak = 1143.527 ; gain = 0.000
INFO: [DRC 23-27] Running DRC with 2 threads
INFO: [Coretcl 2-168] The results of DRC are in file C:/Users/bjut/Desktop/ultrasonic/ultrasonic_ps/ultrasonic_ps.runs/impl_1/design_1_wrapper_drc_routed.rpt.
INFO: [Timing 38-91] UpdateTimingParams: Speed grade: -1, Delay Type: min_max.
INFO: [Timing 38-191] Multithreading enabled for timing update using a maximum of 2 CPUs
Running Vector-less Activity Propagation...

Finished Running Vector-less Activity Propagation
INFO: [Common 17-206] Exiting Vivado at Wed May 29 15:35:30 2019...

*** Running vivado
    with args -log design_1_wrapper.vdi -applog -m64 -messageDb vivado.pb -mode batch -source design_1_wrapper.tcl -notrace

WARNING: Default location for XILINX_VIVADO_HLS not found: 

****** Vivado v2015.2 (64-bit)
  **** SW Build 1266856 on Fri Jun 26 16:35:25 MDT 2015
  **** IP Build 1264090 on Wed Jun 24 14:22:01 MDT 2015
    ** Copyright 1986-2015 Xilinx, Inc. All Rights Reserved.

source design_1_wrapper.tcl -notrace
Command: open_checkpoint design_1_wrapper_routed.dcp
INFO: [Netlist 29-17] Analyzing 106 Unisim elements for replacement
INFO: [Netlist 29-28] Unisim Transformation completed in 0 CPU seconds
INFO: [Project 1-479] Netlist was created with Vivado 2015.2
INFO: [Device 21-403] Loading part xc7z020clg400-1
INFO: [Project 1-570] Preparing netlist for logic optimization
Parsing XDC File [C:/Users/bjut/Desktop/ultrasonic/ultrasonic_ps/ultrasonic_ps.runs/impl_1/.Xil/Vivado-3100-Stu105/dcp/design_1_wrapper_early.xdc]
Finished Parsing XDC File [C:/Users/bjut/Desktop/ultrasonic/ultrasonic_ps/ultrasonic_ps.runs/impl_1/.Xil/Vivado-3100-Stu105/dcp/design_1_wrapper_early.xdc]
Parsing XDC File [C:/Users/bjut/Desktop/ultrasonic/ultrasonic_ps/ultrasonic_ps.runs/impl_1/.Xil/Vivado-3100-Stu105/dcp/design_1_wrapper.xdc]
Finished Parsing XDC File [C:/Users/bjut/Desktop/ultrasonic/ultrasonic_ps/ultrasonic_ps.runs/impl_1/.Xil/Vivado-3100-Stu105/dcp/design_1_wrapper.xdc]
Reading XDEF placement.
Reading placer database...
Reading XDEF routing.
Read XDEF File: Time (s): cpu = 00:00:00 ; elapsed = 00:00:00.780 . Memory (MB): peak = 500.309 ; gain = 2.496
Restored from archive | CPU: 0.000000 secs | Memory: 0.000000 MB |
Finished XDEF File Restore: Time (s): cpu = 00:00:00 ; elapsed = 00:00:00.780 . Memory (MB): peak = 500.309 ; gain = 2.496
INFO: [Project 1-111] Unisim Transformation Summary:
No Unisim elements were transformed.

INFO: [Project 1-484] Checkpoint was created with build 1266856
open_checkpoint: Time (s): cpu = 00:00:10 ; elapsed = 00:00:12 . Memory (MB): peak = 500.309 ; gain = 309.176
Attempting to get a license for feature 'Implementation' and/or device 'xc7z020'
INFO: [Common 17-349] Got license for feature 'Implementation' and/or device 'xc7z020'
Running DRC as a precondition to command write_bitstream
INFO: [DRC 23-27] Running DRC with 2 threads
INFO: [Vivado 12-3199] DRC finished with 0 Errors
INFO: [Vivado 12-3200] Please refer to the DRC report (report_drc) for more information.
Loading data files...
Loading site data...
Loading route data...
Processing options...
Creating bitmap...
Creating bitstream...
Writing bitstream ./design_1_wrapper.bit...
INFO: [Vivado 12-1842] Bitgen Completed Successfully.
INFO: [Project 1-118] WebTalk data collection is enabled (User setting is ON. Install Setting is ON.).
INFO: [Common 17-83] Releasing license: Implementation
write_bitstream: Time (s): cpu = 00:00:44 ; elapsed = 00:00:55 . Memory (MB): peak = 851.754 ; gain = 351.445
INFO: [Common 17-206] Exiting Vivado at Wed May 29 15:37:24 2019...
