#-----------------------------------------------------------
# Vivado v2015.2 (64-bit)
# SW Build 1266856 on Fri Jun 26 16:35:25 MDT 2015
# IP Build 1264090 on Wed Jun 24 14:22:01 MDT 2015
# Start of session at: Tue May 28 08:39:11 2019
# Process ID: 3808
# Log file: C:/Users/bjut/Desktop/bluetooth_ps/bluetooth_ps/vivado.log
# Journal file: C:/Users/bjut/Desktop/bluetooth_ps/bluetooth_ps\vivado.jou
#-----------------------------------------------------------
start_gui
open_project C:/Users/bjut/Desktop/bluetooth_ps/bluetooth_ps/bluetooth_ps.xpr
Scanning sources...
Finished scanning sources
INFO: [IP_Flow 19-234] Refreshing IP repositories
INFO: [IP_Flow 19-1700] Loaded user IP repository 'c:/Users/bjut/Desktop/ip_repo/pwm_car'.
INFO: [IP_Flow 19-2313] Loaded Vivado IP repository 'C:/Xilinx/Vivado/2015.2/data/ip'.
open_project: Time (s): cpu = 00:00:21 ; elapsed = 00:00:44 . Memory (MB): peak = 713.004 ; gain = 141.238
file copy -force C:/Users/bjut/Desktop/bluetooth_ps/bluetooth_ps/bluetooth_ps.runs/impl_1/design_1_wrapper.sysdef C:/Users/bjut/Desktop/bluetooth_ps/bluetooth_ps/bluetooth_ps.sdk/design_1_wrapper.hdf

launch_sdk -workspace C:/Users/bjut/Desktop/bluetooth_ps/bluetooth_ps/bluetooth_ps.sdk -hwspec C:/Users/bjut/Desktop/bluetooth_ps/bluetooth_ps/bluetooth_ps.sdk/design_1_wrapper.hdf
INFO: [Vivado 12-393] Launching SDK...
INFO: [Vivado 12-417] Running xsdk -workspace C:/Users/bjut/Desktop/bluetooth_ps/bluetooth_ps/bluetooth_ps.sdk -hwspec C:/Users/bjut/Desktop/bluetooth_ps/bluetooth_ps/bluetooth_ps.sdk/design_1_wrapper.hdf
INFO: [Vivado 12-3157] SDK launch initiated. Please check console for any further messages.
file mkdir C:/Users/bjut/Desktop/bluetooth_ps/bluetooth_ps/bluetooth_ps.sdk
file copy -force C:/Users/bjut/Desktop/bluetooth_ps/bluetooth_ps/bluetooth_ps.runs/impl_1/design_1_wrapper.sysdef C:/Users/bjut/Desktop/bluetooth_ps/bluetooth_ps/bluetooth_ps.sdk/design_1_wrapper.hdf

launch_sdk -workspace C:/Users/bjut/Desktop/bluetooth_ps/bluetooth_ps/bluetooth_ps.sdk -hwspec C:/Users/bjut/Desktop/bluetooth_ps/bluetooth_ps/bluetooth_ps.sdk/design_1_wrapper.hdf
INFO: [Vivado 12-393] Launching SDK...
INFO: [Vivado 12-417] Running xsdk -workspace C:/Users/bjut/Desktop/bluetooth_ps/bluetooth_ps/bluetooth_ps.sdk -hwspec C:/Users/bjut/Desktop/bluetooth_ps/bluetooth_ps/bluetooth_ps.sdk/design_1_wrapper.hdf
INFO: [Vivado 12-3157] SDK launch initiated. Please check console for any further messages.
open_bd_design {C:/Users/bjut/Desktop/bluetooth_ps/bluetooth_ps/bluetooth_ps.srcs/sources_1/bd/design_1/design_1.bd}
Adding component instance block -- xilinx.com:ip:axi_uartlite:2.0 - axi_uartlite_0
Adding component instance block -- xilinx.com:ip:processing_system7:5.5 - processing_system7_0
Adding component instance block -- xilinx.com:user:pwm_car_v1_0:1.0 - pwm_car_v1_0_0
Adding component instance block -- xilinx.com:ip:proc_sys_reset:5.0 - rst_processing_system7_0_100M
Adding component instance block -- xilinx.com:ip:axi_crossbar:2.1 - xbar
Adding component instance block -- xilinx.com:ip:axi_protocol_converter:2.1 - auto_pc
Successfully read diagram <design_1> from BD file <C:/Users/bjut/Desktop/bluetooth_ps/bluetooth_ps/bluetooth_ps.srcs/sources_1/bd/design_1/design_1.bd>
open_bd_design: Time (s): cpu = 00:00:09 ; elapsed = 00:00:14 . Memory (MB): peak = 790.527 ; gain = 47.109
open_bd_design {C:/Users/bjut/Desktop/bluetooth_ps/bluetooth_ps/bluetooth_ps.srcs/sources_1/bd/design_1/design_1.bd}
exit
INFO: [Common 17-206] Exiting Vivado at Tue May 28 13:06:54 2019...
